19:30:19 **** Incremental Build of configuration Debug for project xilffs_polled_example_1 ****
make all 
C:/Xilinx/Vitis/2020.2/gnuwin/bin/make --no-print-directory pre-build
a9-linaro-pre-build-step
' '
C:/Xilinx/Vitis/2020.2/gnuwin/bin/make --no-print-directory main-build
'Building target: xilffs_polled_example_1.elf'
'Invoking: ARM v7 gcc linker'
arm-none-eabi-gcc -mcpu=cortex-a9 -mfpu=vfpv3 -mfloat-abi=hard -Wl,-build-id=none -specs=Xilinx.spec -Wl,-T -Wl,../src/lscript.ld -LC:/Users/Admin/Desktop/Zynq7010_eink_controller/controller/Z7_Lite/PL_RW_DDR/PL_RW_DDR.vitis/Hello_world/export/Hello_world/sw/Hello_world/standalone_domain/bsplib/lib -o "xilffs_polled_example_1.elf"  ./src/xilffs_polled_example.o   -Wl,--start-group,-lxil,-lgcc,-lc,--end-group
c:/xilinx/vitis/2020.2/gnu/aarch32/nt/gcc-arm-none-eabi/x86_64-oesdk-mingw32/usr/bin/arm-xilinx-eabi/../../libexec/arm-xilinx-eabi/gcc/arm-xilinx-eabi/9.2.0/real-ld.exe: ./src/xilffs_polled_example.o: in function `FfsSdPolledExample':
C:\Users\Admin\Desktop\Zynq7010_eink_controller\controller\Z7_Lite\PL_RW_DDR\PL_RW_DDR.vitis\xilffs_polled_example_1\Debug/../src/xilffs_polled_example.c:152: undefined reference to `f_mount'
c:/xilinx/vitis/2020.2/gnu/aarch32/nt/gcc-arm-none-eabi/x86_64-oesdk-mingw32/usr/bin/arm-xilinx-eabi/../../libexec/arm-xilinx-eabi/gcc/arm-xilinx-eabi/9.2.0/real-ld.exe: C:\Users\Admin\Desktop\Zynq7010_eink_controller\controller\Z7_Lite\PL_RW_DDR\PL_RW_DDR.vitis\xilffs_polled_example_1\Debug/../src/xilffs_polled_example.c:162: undefined reference to `f_mkfs'
c:/xilinx/vitis/2020.2/gnu/aarch32/nt/gcc-arm-none-eabi/x86_64-oesdk-mingw32/usr/bin/arm-xilinx-eabi/../../libexec/arm-xilinx-eabi/gcc/arm-xilinx-eabi/9.2.0/real-ld.exe: C:\Users\Admin\Desktop\Zynq7010_eink_controller\controller\Z7_Lite\PL_RW_DDR\PL_RW_DDR.vitis\xilffs_polled_example_1\Debug/../src/xilffs_polled_example.c:175: undefined reference to `f_open'
c:/xilinx/vitis/2020.2/gnu/aarch32/nt/gcc-arm-none-eabi/x86_64-oesdk-mingw32/usr/bin/arm-xilinx-eabi/../../libexec/arm-xilinx-eabi/gcc/arm-xilinx-eabi/9.2.0/real-ld.exe: C:\Users\Admin\Desktop\Zynq7010_eink_controller\controller\Z7_Lite\PL_RW_DDR\PL_RW_DDR.vitis\xilffs_polled_example_1\Debug/../src/xilffs_polled_example.c:183: undefined reference to `f_lseek'
c:/xilinx/vitis/2020.2/gnu/aarch32/nt/gcc-arm-none-eabi/x86_64-oesdk-mingw32/usr/bin/arm-xilinx-eabi/../../libexec/arm-xilinx-eabi/gcc/arm-xilinx-eabi/9.2.0/real-ld.exe: C:\Users\Admin\Desktop\Zynq7010_eink_controller\controller\Z7_Lite\PL_RW_DDR\PL_RW_DDR.vitis\xilffs_polled_example_1\Debug/../src/xilffs_polled_example.c:191: undefined reference to `f_write'
c:/xilinx/vitis/2020.2/gnu/aarch32/nt/gcc-arm-none-eabi/x86_64-oesdk-mingw32/usr/bin/arm-xilinx-eabi/../../libexec/arm-xilinx-eabi/gcc/arm-xilinx-eabi/9.2.0/real-ld.exe: C:\Users\Admin\Desktop\Zynq7010_eink_controller\controller\Z7_Lite\PL_RW_DDR\PL_RW_DDR.vitis\xilffs_polled_example_1\Debug/../src/xilffs_polled_example.c:200: undefined reference to `f_lseek'
c:/xilinx/vitis/2020.2/gnu/aarch32/nt/gcc-arm-none-eabi/x86_64-oesdk-mingw32/usr/bin/arm-xilinx-eabi/../../libexec/arm-xilinx-eabi/gcc/arm-xilinx-eabi/9.2.0/real-ld.exe: C:\Users\Admin\Desktop\Zynq7010_eink_controller\controller\Z7_Lite\PL_RW_DDR\PL_RW_DDR.vitis\xilffs_polled_example_1\Debug/../src/xilffs_polled_example.c:208: undefined reference to `f_read'
c:/xilinx/vitis/2020.2/gnu/aarch32/nt/gcc-arm-none-eabi/x86_64-oesdk-mingw32/usr/bin/arm-xilinx-eabi/../../libexec/arm-xilinx-eabi/gcc/arm-xilinx-eabi/9.2.0/real-ld.exe: C:\Users\Admin\Desktop\Zynq7010_eink_controller\controller\Z7_Lite\PL_RW_DDR\PL_RW_DDR.vitis\xilffs_polled_example_1\Debug/../src/xilffs_polled_example.c:226: undefined reference to `f_close'
collect2.exe: error: ld returned 1 exit status
make[1]: *** [makefile:43: xilffs_polled_example_1.elf] Error 1
make: *** [makefile:34: all] Error 2

19:30:24 Build Finished (took 4s.461ms)

