
*** Running vivado
    with args -log design_1_wrapper.vds -m64 -product Vivado -mode batch -messageDb vivado.pb -notrace -source design_1_wrapper.tcl



****** Vivado v2020.2 (64-bit)
  **** SW Build 3064766 on Wed Nov 18 09:12:45 MST 2020
  **** IP Build 3064653 on Wed Nov 18 14:17:31 MST 2020
    ** Copyright 1986-2020 Xilinx, Inc. All Rights Reserved.

source design_1_wrapper.tcl -notrace
INFO: [IP_Flow 19-234] Refreshing IP repositories
INFO: [IP_Flow 19-1700] Loaded user IP repository 'c:/Users/Admin/Desktop/Zynq7010_eink_controller/controller/core/vivado-library'.
INFO: [IP_Flow 19-2313] Loaded Vivado IP repository 'C:/Xilinx/Vivado/2020.2/data/ip'.
WARNING: [IP_Flow 19-4995] The host OS only allows 260 characters in a normal path. The IP cache path is more than 80 characters. If you experience issues with IP caching, please consider changing the IP cache to a location with a shorter path. Alternately consider using the OS subst command to map part of the path to a drive letter. 
Current IP cache path is c:/Users/Admin/Desktop/Zynq7010_eink_controller/controller/Z7_Lite/HDMI_RX/HDMI_RX.cache/ip 
Command: synth_design -top design_1_wrapper -part xc7z010clg400-1
Starting synth_design
Attempting to get a license for feature 'Synthesis' and/or device 'xc7z010'
INFO: [Common 17-349] Got license for feature 'Synthesis' and/or device 'xc7z010'
INFO: [Device 21-403] Loading part xc7z010clg400-1
INFO: [Synth 8-7079] Multithreading enabled for synth_design using a maximum of 2 processes.
INFO: [Synth 8-7078] Launching helper process for spawning children vivado processes
INFO: [Synth 8-7075] Helper process launched with PID 5504
---------------------------------------------------------------------------------
Starting RTL Elaboration : Time (s): cpu = 00:00:04 ; elapsed = 00:00:05 . Memory (MB): peak = 1193.180 ; gain = 67.512
---------------------------------------------------------------------------------
INFO: [Synth 8-6157] synthesizing module 'design_1_wrapper' [C:/Users/Admin/Desktop/Zynq7010_eink_controller/controller/Z7_Lite/HDMI_RX/HDMI_RX.gen/sources_1/bd/design_1/hdl/design_1_wrapper.v:12]
INFO: [Synth 8-6157] synthesizing module 'IOBUF' [C:/Xilinx/Vivado/2020.2/scripts/rt/data/unisim_comp.v:36242]
	Parameter DRIVE bound to: 12 - type: integer 
	Parameter IBUF_LOW_PWR bound to: TRUE - type: string 
	Parameter IOSTANDARD bound to: DEFAULT - type: string 
	Parameter SLEW bound to: SLOW - type: string 
INFO: [Synth 8-6155] done synthesizing module 'IOBUF' (1#1) [C:/Xilinx/Vivado/2020.2/scripts/rt/data/unisim_comp.v:36242]
INFO: [Synth 8-6157] synthesizing module 'design_1' [c:/Users/Admin/Desktop/Zynq7010_eink_controller/controller/Z7_Lite/HDMI_RX/HDMI_RX.gen/sources_1/bd/design_1/synth/design_1.v:13]
INFO: [Synth 8-6157] synthesizing module 'design_1_clk_wiz_0_0' [C:/Users/Admin/Desktop/Zynq7010_eink_controller/controller/Z7_Lite/HDMI_RX/HDMI_RX.runs/synth_1/.Xil/Vivado-3060-Duller/realtime/design_1_clk_wiz_0_0_stub.v:5]
INFO: [Synth 8-6155] done synthesizing module 'design_1_clk_wiz_0_0' (2#1) [C:/Users/Admin/Desktop/Zynq7010_eink_controller/controller/Z7_Lite/HDMI_RX/HDMI_RX.runs/synth_1/.Xil/Vivado-3060-Duller/realtime/design_1_clk_wiz_0_0_stub.v:5]
INFO: [Synth 8-6157] synthesizing module 'design_1_dvi2rgb_0_0' [C:/Users/Admin/Desktop/Zynq7010_eink_controller/controller/Z7_Lite/HDMI_RX/HDMI_RX.runs/synth_1/.Xil/Vivado-3060-Duller/realtime/design_1_dvi2rgb_0_0_stub.v:6]
INFO: [Synth 8-6155] done synthesizing module 'design_1_dvi2rgb_0_0' (3#1) [C:/Users/Admin/Desktop/Zynq7010_eink_controller/controller/Z7_Lite/HDMI_RX/HDMI_RX.runs/synth_1/.Xil/Vivado-3060-Duller/realtime/design_1_dvi2rgb_0_0_stub.v:6]
WARNING: [Synth 8-7071] port 'aPixelClkLckd' of module 'design_1_dvi2rgb_0_0' is unconnected for instance 'dvi2rgb_0' [c:/Users/Admin/Desktop/Zynq7010_eink_controller/controller/Z7_Lite/HDMI_RX/HDMI_RX.gen/sources_1/bd/design_1/synth/design_1.v:100]
WARNING: [Synth 8-7071] port 'pLocked' of module 'design_1_dvi2rgb_0_0' is unconnected for instance 'dvi2rgb_0' [c:/Users/Admin/Desktop/Zynq7010_eink_controller/controller/Z7_Lite/HDMI_RX/HDMI_RX.gen/sources_1/bd/design_1/synth/design_1.v:100]
WARNING: [Synth 8-7023] instance 'dvi2rgb_0' of module 'design_1_dvi2rgb_0_0' has 20 connections declared, but only 18 given [c:/Users/Admin/Desktop/Zynq7010_eink_controller/controller/Z7_Lite/HDMI_RX/HDMI_RX.gen/sources_1/bd/design_1/synth/design_1.v:100]
INFO: [Synth 8-6157] synthesizing module 'design_1_rgb2dvi_0_0' [C:/Users/Admin/Desktop/Zynq7010_eink_controller/controller/Z7_Lite/HDMI_RX/HDMI_RX.runs/synth_1/.Xil/Vivado-3060-Duller/realtime/design_1_rgb2dvi_0_0_stub.v:6]
INFO: [Synth 8-6155] done synthesizing module 'design_1_rgb2dvi_0_0' (4#1) [C:/Users/Admin/Desktop/Zynq7010_eink_controller/controller/Z7_Lite/HDMI_RX/HDMI_RX.runs/synth_1/.Xil/Vivado-3060-Duller/realtime/design_1_rgb2dvi_0_0_stub.v:6]
INFO: [Synth 8-6157] synthesizing module 'design_1_xlconstant_0_0' [c:/Users/Admin/Desktop/Zynq7010_eink_controller/controller/Z7_Lite/HDMI_RX/HDMI_RX.gen/sources_1/bd/design_1/ip/design_1_xlconstant_0_0/synth/design_1_xlconstant_0_0.v:57]
INFO: [Synth 8-6157] synthesizing module 'xlconstant_v1_1_7_xlconstant' [c:/Users/Admin/Desktop/Zynq7010_eink_controller/controller/Z7_Lite/HDMI_RX/HDMI_RX.gen/sources_1/bd/design_1/ipshared/fcfc/hdl/xlconstant_v1_1_vl_rfs.v:23]
	Parameter CONST_VAL bound to: 1'b1 
	Parameter CONST_WIDTH bound to: 1 - type: integer 
INFO: [Synth 8-6155] done synthesizing module 'xlconstant_v1_1_7_xlconstant' (5#1) [c:/Users/Admin/Desktop/Zynq7010_eink_controller/controller/Z7_Lite/HDMI_RX/HDMI_RX.gen/sources_1/bd/design_1/ipshared/fcfc/hdl/xlconstant_v1_1_vl_rfs.v:23]
INFO: [Synth 8-6155] done synthesizing module 'design_1_xlconstant_0_0' (6#1) [c:/Users/Admin/Desktop/Zynq7010_eink_controller/controller/Z7_Lite/HDMI_RX/HDMI_RX.gen/sources_1/bd/design_1/ip/design_1_xlconstant_0_0/synth/design_1_xlconstant_0_0.v:57]
INFO: [Synth 8-6157] synthesizing module 'design_1_xlconstant_0_1' [c:/Users/Admin/Desktop/Zynq7010_eink_controller/controller/Z7_Lite/HDMI_RX/HDMI_RX.gen/sources_1/bd/design_1/ip/design_1_xlconstant_0_1/synth/design_1_xlconstant_0_1.v:57]
INFO: [Synth 8-6155] done synthesizing module 'design_1_xlconstant_0_1' (7#1) [c:/Users/Admin/Desktop/Zynq7010_eink_controller/controller/Z7_Lite/HDMI_RX/HDMI_RX.gen/sources_1/bd/design_1/ip/design_1_xlconstant_0_1/synth/design_1_xlconstant_0_1.v:57]
INFO: [Synth 8-6155] done synthesizing module 'design_1' (8#1) [c:/Users/Admin/Desktop/Zynq7010_eink_controller/controller/Z7_Lite/HDMI_RX/HDMI_RX.gen/sources_1/bd/design_1/synth/design_1.v:13]
INFO: [Synth 8-6155] done synthesizing module 'design_1_wrapper' (9#1) [C:/Users/Admin/Desktop/Zynq7010_eink_controller/controller/Z7_Lite/HDMI_RX/HDMI_RX.gen/sources_1/bd/design_1/hdl/design_1_wrapper.v:12]
---------------------------------------------------------------------------------
Finished RTL Elaboration : Time (s): cpu = 00:00:05 ; elapsed = 00:00:05 . Memory (MB): peak = 1248.297 ; gain = 122.629
---------------------------------------------------------------------------------
---------------------------------------------------------------------------------
Start Handling Custom Attributes
---------------------------------------------------------------------------------
---------------------------------------------------------------------------------
Finished Handling Custom Attributes : Time (s): cpu = 00:00:05 ; elapsed = 00:00:06 . Memory (MB): peak = 1248.297 ; gain = 122.629
---------------------------------------------------------------------------------
---------------------------------------------------------------------------------
Finished RTL Optimization Phase 1 : Time (s): cpu = 00:00:05 ; elapsed = 00:00:06 . Memory (MB): peak = 1248.297 ; gain = 122.629
---------------------------------------------------------------------------------
Netlist sorting complete. Time (s): cpu = 00:00:00 ; elapsed = 00:00:00.001 . Memory (MB): peak = 1248.297 ; gain = 0.000
INFO: [Netlist 29-17] Analyzing 2 Unisim elements for replacement
INFO: [Netlist 29-28] Unisim Transformation completed in 0 CPU seconds
INFO: [Project 1-570] Preparing netlist for logic optimization

Processing XDC Constraints
Initializing timing engine
Parsing XDC File [c:/Users/Admin/Desktop/Zynq7010_eink_controller/controller/Z7_Lite/HDMI_RX/HDMI_RX.gen/sources_1/bd/design_1/ip/design_1_dvi2rgb_0_0/design_1_dvi2rgb_0_0/design_1_dvi2rgb_0_0_in_context.xdc] for cell 'design_1_i/dvi2rgb_0'
Finished Parsing XDC File [c:/Users/Admin/Desktop/Zynq7010_eink_controller/controller/Z7_Lite/HDMI_RX/HDMI_RX.gen/sources_1/bd/design_1/ip/design_1_dvi2rgb_0_0/design_1_dvi2rgb_0_0/design_1_dvi2rgb_0_0_in_context.xdc] for cell 'design_1_i/dvi2rgb_0'
Parsing XDC File [c:/Users/Admin/Desktop/Zynq7010_eink_controller/controller/Z7_Lite/HDMI_RX/HDMI_RX.gen/sources_1/bd/design_1/ip/design_1_rgb2dvi_0_0/design_1_rgb2dvi_0_0/design_1_rgb2dvi_0_0_in_context.xdc] for cell 'design_1_i/rgb2dvi_0'
Finished Parsing XDC File [c:/Users/Admin/Desktop/Zynq7010_eink_controller/controller/Z7_Lite/HDMI_RX/HDMI_RX.gen/sources_1/bd/design_1/ip/design_1_rgb2dvi_0_0/design_1_rgb2dvi_0_0/design_1_rgb2dvi_0_0_in_context.xdc] for cell 'design_1_i/rgb2dvi_0'
Parsing XDC File [c:/Users/Admin/Desktop/Zynq7010_eink_controller/controller/Z7_Lite/HDMI_RX/HDMI_RX.gen/sources_1/bd/design_1/ip/design_1_clk_wiz_0_0/design_1_clk_wiz_0_0/design_1_clk_wiz_0_0_in_context.xdc] for cell 'design_1_i/clk_wiz_0'
Finished Parsing XDC File [c:/Users/Admin/Desktop/Zynq7010_eink_controller/controller/Z7_Lite/HDMI_RX/HDMI_RX.gen/sources_1/bd/design_1/ip/design_1_clk_wiz_0_0/design_1_clk_wiz_0_0/design_1_clk_wiz_0_0_in_context.xdc] for cell 'design_1_i/clk_wiz_0'
Parsing XDC File [C:/Users/Admin/Desktop/Zynq7010_eink_controller/controller/Z7_Lite/HDMI_RX/HDMI_RX.srcs/constrs_1/new/TOP_PIN.xdc]
Finished Parsing XDC File [C:/Users/Admin/Desktop/Zynq7010_eink_controller/controller/Z7_Lite/HDMI_RX/HDMI_RX.srcs/constrs_1/new/TOP_PIN.xdc]
INFO: [Project 1-236] Implementation specific constraints were found while reading constraint file [C:/Users/Admin/Desktop/Zynq7010_eink_controller/controller/Z7_Lite/HDMI_RX/HDMI_RX.srcs/constrs_1/new/TOP_PIN.xdc]. These constraints will be ignored for synthesis but will be used in implementation. Impacted constraints are listed in the file [.Xil/design_1_wrapper_propImpl.xdc].
Resolution: To avoid this warning, move constraints listed in [.Xil/design_1_wrapper_propImpl.xdc] to another XDC file and exclude this new file from synthesis with the used_in_synthesis property (File Properties dialog in GUI) and re-run elaboration/synthesis.
Parsing XDC File [C:/Users/Admin/Desktop/Zynq7010_eink_controller/controller/Z7_Lite/HDMI_RX/HDMI_RX.runs/synth_1/dont_touch.xdc]
Finished Parsing XDC File [C:/Users/Admin/Desktop/Zynq7010_eink_controller/controller/Z7_Lite/HDMI_RX/HDMI_RX.runs/synth_1/dont_touch.xdc]
Completed Processing XDC Constraints

Netlist sorting complete. Time (s): cpu = 00:00:00 ; elapsed = 00:00:00 . Memory (MB): peak = 1309.262 ; gain = 0.000
INFO: [Project 1-111] Unisim Transformation Summary:
  A total of 2 instances were transformed.
  IOBUF => IOBUF (IBUF, OBUFT): 2 instances

Constraint Validation Runtime : Time (s): cpu = 00:00:00 ; elapsed = 00:00:00.004 . Memory (MB): peak = 1309.262 ; gain = 0.000
---------------------------------------------------------------------------------
Finished Constraint Validation : Time (s): cpu = 00:00:10 ; elapsed = 00:00:12 . Memory (MB): peak = 1309.262 ; gain = 183.594
---------------------------------------------------------------------------------
---------------------------------------------------------------------------------
Start Loading Part and Timing Information
---------------------------------------------------------------------------------
Loading part: xc7z010clg400-1
---------------------------------------------------------------------------------
Finished Loading Part and Timing Information : Time (s): cpu = 00:00:10 ; elapsed = 00:00:12 . Memory (MB): peak = 1309.262 ; gain = 183.594
---------------------------------------------------------------------------------
---------------------------------------------------------------------------------
Start Applying 'set_property' XDC Constraints
---------------------------------------------------------------------------------
Applied set_property IO_BUFFER_TYPE = NONE for HDMI_RX_clk_n. (constraint file  c:/Users/Admin/Desktop/Zynq7010_eink_controller/controller/Z7_Lite/HDMI_RX/HDMI_RX.gen/sources_1/bd/design_1/ip/design_1_dvi2rgb_0_0/design_1_dvi2rgb_0_0/design_1_dvi2rgb_0_0_in_context.xdc, line 2).
Applied set_property CLOCK_BUFFER_TYPE = NONE for HDMI_RX_clk_n. (constraint file  c:/Users/Admin/Desktop/Zynq7010_eink_controller/controller/Z7_Lite/HDMI_RX/HDMI_RX.gen/sources_1/bd/design_1/ip/design_1_dvi2rgb_0_0/design_1_dvi2rgb_0_0/design_1_dvi2rgb_0_0_in_context.xdc, line 3).
Applied set_property IO_BUFFER_TYPE = NONE for HDMI_RX_clk_p. (constraint file  c:/Users/Admin/Desktop/Zynq7010_eink_controller/controller/Z7_Lite/HDMI_RX/HDMI_RX.gen/sources_1/bd/design_1/ip/design_1_dvi2rgb_0_0/design_1_dvi2rgb_0_0/design_1_dvi2rgb_0_0_in_context.xdc, line 4).
Applied set_property CLOCK_BUFFER_TYPE = NONE for HDMI_RX_clk_p. (constraint file  c:/Users/Admin/Desktop/Zynq7010_eink_controller/controller/Z7_Lite/HDMI_RX/HDMI_RX.gen/sources_1/bd/design_1/ip/design_1_dvi2rgb_0_0/design_1_dvi2rgb_0_0/design_1_dvi2rgb_0_0_in_context.xdc, line 5).
Applied set_property IO_BUFFER_TYPE = NONE for HDMI_RX_data_n[0]. (constraint file  c:/Users/Admin/Desktop/Zynq7010_eink_controller/controller/Z7_Lite/HDMI_RX/HDMI_RX.gen/sources_1/bd/design_1/ip/design_1_dvi2rgb_0_0/design_1_dvi2rgb_0_0/design_1_dvi2rgb_0_0_in_context.xdc, line 6).
Applied set_property CLOCK_BUFFER_TYPE = NONE for HDMI_RX_data_n[0]. (constraint file  c:/Users/Admin/Desktop/Zynq7010_eink_controller/controller/Z7_Lite/HDMI_RX/HDMI_RX.gen/sources_1/bd/design_1/ip/design_1_dvi2rgb_0_0/design_1_dvi2rgb_0_0/design_1_dvi2rgb_0_0_in_context.xdc, line 7).
Applied set_property IO_BUFFER_TYPE = NONE for HDMI_RX_data_n[1]. (constraint file  c:/Users/Admin/Desktop/Zynq7010_eink_controller/controller/Z7_Lite/HDMI_RX/HDMI_RX.gen/sources_1/bd/design_1/ip/design_1_dvi2rgb_0_0/design_1_dvi2rgb_0_0/design_1_dvi2rgb_0_0_in_context.xdc, line 8).
Applied set_property CLOCK_BUFFER_TYPE = NONE for HDMI_RX_data_n[1]. (constraint file  c:/Users/Admin/Desktop/Zynq7010_eink_controller/controller/Z7_Lite/HDMI_RX/HDMI_RX.gen/sources_1/bd/design_1/ip/design_1_dvi2rgb_0_0/design_1_dvi2rgb_0_0/design_1_dvi2rgb_0_0_in_context.xdc, line 9).
Applied set_property IO_BUFFER_TYPE = NONE for HDMI_RX_data_n[2]. (constraint file  c:/Users/Admin/Desktop/Zynq7010_eink_controller/controller/Z7_Lite/HDMI_RX/HDMI_RX.gen/sources_1/bd/design_1/ip/design_1_dvi2rgb_0_0/design_1_dvi2rgb_0_0/design_1_dvi2rgb_0_0_in_context.xdc, line 10).
Applied set_property CLOCK_BUFFER_TYPE = NONE for HDMI_RX_data_n[2]. (constraint file  c:/Users/Admin/Desktop/Zynq7010_eink_controller/controller/Z7_Lite/HDMI_RX/HDMI_RX.gen/sources_1/bd/design_1/ip/design_1_dvi2rgb_0_0/design_1_dvi2rgb_0_0/design_1_dvi2rgb_0_0_in_context.xdc, line 11).
Applied set_property IO_BUFFER_TYPE = NONE for HDMI_RX_data_p[0]. (constraint file  c:/Users/Admin/Desktop/Zynq7010_eink_controller/controller/Z7_Lite/HDMI_RX/HDMI_RX.gen/sources_1/bd/design_1/ip/design_1_dvi2rgb_0_0/design_1_dvi2rgb_0_0/design_1_dvi2rgb_0_0_in_context.xdc, line 12).
Applied set_property CLOCK_BUFFER_TYPE = NONE for HDMI_RX_data_p[0]. (constraint file  c:/Users/Admin/Desktop/Zynq7010_eink_controller/controller/Z7_Lite/HDMI_RX/HDMI_RX.gen/sources_1/bd/design_1/ip/design_1_dvi2rgb_0_0/design_1_dvi2rgb_0_0/design_1_dvi2rgb_0_0_in_context.xdc, line 13).
Applied set_property IO_BUFFER_TYPE = NONE for HDMI_RX_data_p[1]. (constraint file  c:/Users/Admin/Desktop/Zynq7010_eink_controller/controller/Z7_Lite/HDMI_RX/HDMI_RX.gen/sources_1/bd/design_1/ip/design_1_dvi2rgb_0_0/design_1_dvi2rgb_0_0/design_1_dvi2rgb_0_0_in_context.xdc, line 14).
Applied set_property CLOCK_BUFFER_TYPE = NONE for HDMI_RX_data_p[1]. (constraint file  c:/Users/Admin/Desktop/Zynq7010_eink_controller/controller/Z7_Lite/HDMI_RX/HDMI_RX.gen/sources_1/bd/design_1/ip/design_1_dvi2rgb_0_0/design_1_dvi2rgb_0_0/design_1_dvi2rgb_0_0_in_context.xdc, line 15).
Applied set_property IO_BUFFER_TYPE = NONE for HDMI_RX_data_p[2]. (constraint file  c:/Users/Admin/Desktop/Zynq7010_eink_controller/controller/Z7_Lite/HDMI_RX/HDMI_RX.gen/sources_1/bd/design_1/ip/design_1_dvi2rgb_0_0/design_1_dvi2rgb_0_0/design_1_dvi2rgb_0_0_in_context.xdc, line 16).
Applied set_property CLOCK_BUFFER_TYPE = NONE for HDMI_RX_data_p[2]. (constraint file  c:/Users/Admin/Desktop/Zynq7010_eink_controller/controller/Z7_Lite/HDMI_RX/HDMI_RX.gen/sources_1/bd/design_1/ip/design_1_dvi2rgb_0_0/design_1_dvi2rgb_0_0/design_1_dvi2rgb_0_0_in_context.xdc, line 17).
Applied set_property IO_BUFFER_TYPE = NONE for HDMI_TX_clk_n. (constraint file  c:/Users/Admin/Desktop/Zynq7010_eink_controller/controller/Z7_Lite/HDMI_RX/HDMI_RX.gen/sources_1/bd/design_1/ip/design_1_rgb2dvi_0_0/design_1_rgb2dvi_0_0/design_1_rgb2dvi_0_0_in_context.xdc, line 1).
Applied set_property CLOCK_BUFFER_TYPE = NONE for HDMI_TX_clk_n. (constraint file  c:/Users/Admin/Desktop/Zynq7010_eink_controller/controller/Z7_Lite/HDMI_RX/HDMI_RX.gen/sources_1/bd/design_1/ip/design_1_rgb2dvi_0_0/design_1_rgb2dvi_0_0/design_1_rgb2dvi_0_0_in_context.xdc, line 2).
Applied set_property IO_BUFFER_TYPE = NONE for HDMI_TX_clk_p. (constraint file  c:/Users/Admin/Desktop/Zynq7010_eink_controller/controller/Z7_Lite/HDMI_RX/HDMI_RX.gen/sources_1/bd/design_1/ip/design_1_rgb2dvi_0_0/design_1_rgb2dvi_0_0/design_1_rgb2dvi_0_0_in_context.xdc, line 3).
Applied set_property CLOCK_BUFFER_TYPE = NONE for HDMI_TX_clk_p. (constraint file  c:/Users/Admin/Desktop/Zynq7010_eink_controller/controller/Z7_Lite/HDMI_RX/HDMI_RX.gen/sources_1/bd/design_1/ip/design_1_rgb2dvi_0_0/design_1_rgb2dvi_0_0/design_1_rgb2dvi_0_0_in_context.xdc, line 4).
Applied set_property IO_BUFFER_TYPE = NONE for HDMI_TX_data_n[0]. (constraint file  c:/Users/Admin/Desktop/Zynq7010_eink_controller/controller/Z7_Lite/HDMI_RX/HDMI_RX.gen/sources_1/bd/design_1/ip/design_1_rgb2dvi_0_0/design_1_rgb2dvi_0_0/design_1_rgb2dvi_0_0_in_context.xdc, line 5).
Applied set_property CLOCK_BUFFER_TYPE = NONE for HDMI_TX_data_n[0]. (constraint file  c:/Users/Admin/Desktop/Zynq7010_eink_controller/controller/Z7_Lite/HDMI_RX/HDMI_RX.gen/sources_1/bd/design_1/ip/design_1_rgb2dvi_0_0/design_1_rgb2dvi_0_0/design_1_rgb2dvi_0_0_in_context.xdc, line 6).
Applied set_property IO_BUFFER_TYPE = NONE for HDMI_TX_data_n[1]. (constraint file  c:/Users/Admin/Desktop/Zynq7010_eink_controller/controller/Z7_Lite/HDMI_RX/HDMI_RX.gen/sources_1/bd/design_1/ip/design_1_rgb2dvi_0_0/design_1_rgb2dvi_0_0/design_1_rgb2dvi_0_0_in_context.xdc, line 7).
Applied set_property CLOCK_BUFFER_TYPE = NONE for HDMI_TX_data_n[1]. (constraint file  c:/Users/Admin/Desktop/Zynq7010_eink_controller/controller/Z7_Lite/HDMI_RX/HDMI_RX.gen/sources_1/bd/design_1/ip/design_1_rgb2dvi_0_0/design_1_rgb2dvi_0_0/design_1_rgb2dvi_0_0_in_context.xdc, line 8).
Applied set_property IO_BUFFER_TYPE = NONE for HDMI_TX_data_n[2]. (constraint file  c:/Users/Admin/Desktop/Zynq7010_eink_controller/controller/Z7_Lite/HDMI_RX/HDMI_RX.gen/sources_1/bd/design_1/ip/design_1_rgb2dvi_0_0/design_1_rgb2dvi_0_0/design_1_rgb2dvi_0_0_in_context.xdc, line 9).
Applied set_property CLOCK_BUFFER_TYPE = NONE for HDMI_TX_data_n[2]. (constraint file  c:/Users/Admin/Desktop/Zynq7010_eink_controller/controller/Z7_Lite/HDMI_RX/HDMI_RX.gen/sources_1/bd/design_1/ip/design_1_rgb2dvi_0_0/design_1_rgb2dvi_0_0/design_1_rgb2dvi_0_0_in_context.xdc, line 10).
Applied set_property IO_BUFFER_TYPE = NONE for HDMI_TX_data_p[0]. (constraint file  c:/Users/Admin/Desktop/Zynq7010_eink_controller/controller/Z7_Lite/HDMI_RX/HDMI_RX.gen/sources_1/bd/design_1/ip/design_1_rgb2dvi_0_0/design_1_rgb2dvi_0_0/design_1_rgb2dvi_0_0_in_context.xdc, line 11).
Applied set_property CLOCK_BUFFER_TYPE = NONE for HDMI_TX_data_p[0]. (constraint file  c:/Users/Admin/Desktop/Zynq7010_eink_controller/controller/Z7_Lite/HDMI_RX/HDMI_RX.gen/sources_1/bd/design_1/ip/design_1_rgb2dvi_0_0/design_1_rgb2dvi_0_0/design_1_rgb2dvi_0_0_in_context.xdc, line 12).
Applied set_property IO_BUFFER_TYPE = NONE for HDMI_TX_data_p[1]. (constraint file  c:/Users/Admin/Desktop/Zynq7010_eink_controller/controller/Z7_Lite/HDMI_RX/HDMI_RX.gen/sources_1/bd/design_1/ip/design_1_rgb2dvi_0_0/design_1_rgb2dvi_0_0/design_1_rgb2dvi_0_0_in_context.xdc, line 13).
Applied set_property CLOCK_BUFFER_TYPE = NONE for HDMI_TX_data_p[1]. (constraint file  c:/Users/Admin/Desktop/Zynq7010_eink_controller/controller/Z7_Lite/HDMI_RX/HDMI_RX.gen/sources_1/bd/design_1/ip/design_1_rgb2dvi_0_0/design_1_rgb2dvi_0_0/design_1_rgb2dvi_0_0_in_context.xdc, line 14).
Applied set_property IO_BUFFER_TYPE = NONE for HDMI_TX_data_p[2]. (constraint file  c:/Users/Admin/Desktop/Zynq7010_eink_controller/controller/Z7_Lite/HDMI_RX/HDMI_RX.gen/sources_1/bd/design_1/ip/design_1_rgb2dvi_0_0/design_1_rgb2dvi_0_0/design_1_rgb2dvi_0_0_in_context.xdc, line 15).
Applied set_property CLOCK_BUFFER_TYPE = NONE for HDMI_TX_data_p[2]. (constraint file  c:/Users/Admin/Desktop/Zynq7010_eink_controller/controller/Z7_Lite/HDMI_RX/HDMI_RX.gen/sources_1/bd/design_1/ip/design_1_rgb2dvi_0_0/design_1_rgb2dvi_0_0/design_1_rgb2dvi_0_0_in_context.xdc, line 16).
Applied set_property IO_BUFFER_TYPE = NONE for clk. (constraint file  c:/Users/Admin/Desktop/Zynq7010_eink_controller/controller/Z7_Lite/HDMI_RX/HDMI_RX.gen/sources_1/bd/design_1/ip/design_1_clk_wiz_0_0/design_1_clk_wiz_0_0/design_1_clk_wiz_0_0_in_context.xdc, line 3).
Applied set_property CLOCK_BUFFER_TYPE = NONE for clk. (constraint file  c:/Users/Admin/Desktop/Zynq7010_eink_controller/controller/Z7_Lite/HDMI_RX/HDMI_RX.gen/sources_1/bd/design_1/ip/design_1_clk_wiz_0_0/design_1_clk_wiz_0_0/design_1_clk_wiz_0_0_in_context.xdc, line 4).
Applied set_property KEEP_HIERARCHY = SOFT for design_1_i. (constraint file  auto generated constraint).
Applied set_property KEEP_HIERARCHY = SOFT for design_1_i/dvi2rgb_0. (constraint file  auto generated constraint).
Applied set_property KEEP_HIERARCHY = SOFT for design_1_i/rgb2dvi_0. (constraint file  auto generated constraint).
Applied set_property KEEP_HIERARCHY = SOFT for design_1_i/clk_wiz_0. (constraint file  auto generated constraint).
Applied set_property KEEP_HIERARCHY = SOFT for design_1_i/xlconstant_0. (constraint file  auto generated constraint).
Applied set_property KEEP_HIERARCHY = SOFT for design_1_i/xlconstant_1. (constraint file  auto generated constraint).
---------------------------------------------------------------------------------
Finished applying 'set_property' XDC Constraints : Time (s): cpu = 00:00:11 ; elapsed = 00:00:12 . Memory (MB): peak = 1309.262 ; gain = 183.594
---------------------------------------------------------------------------------
---------------------------------------------------------------------------------
Finished RTL Optimization Phase 2 : Time (s): cpu = 00:00:11 ; elapsed = 00:00:12 . Memory (MB): peak = 1309.262 ; gain = 183.594
---------------------------------------------------------------------------------
---------------------------------------------------------------------------------
Start RTL Component Statistics 
---------------------------------------------------------------------------------
Detailed RTL Component Info : 
---------------------------------------------------------------------------------
Finished RTL Component Statistics 
---------------------------------------------------------------------------------
---------------------------------------------------------------------------------
Start Part Resource Summary
---------------------------------------------------------------------------------
Part Resources:
DSPs: 80 (col length:40)
BRAMs: 120 (col length: RAMB18 40 RAMB36 20)
---------------------------------------------------------------------------------
Finished Part Resource Summary
---------------------------------------------------------------------------------
---------------------------------------------------------------------------------
Start Cross Boundary and Area Optimization
---------------------------------------------------------------------------------
---------------------------------------------------------------------------------
Finished Cross Boundary and Area Optimization : Time (s): cpu = 00:00:12 ; elapsed = 00:00:13 . Memory (MB): peak = 1309.262 ; gain = 183.594
---------------------------------------------------------------------------------
---------------------------------------------------------------------------------
Start Applying XDC Timing Constraints
---------------------------------------------------------------------------------
---------------------------------------------------------------------------------
Finished Applying XDC Timing Constraints : Time (s): cpu = 00:00:17 ; elapsed = 00:00:18 . Memory (MB): peak = 1332.301 ; gain = 206.633
---------------------------------------------------------------------------------
---------------------------------------------------------------------------------
Start Timing Optimization
---------------------------------------------------------------------------------
---------------------------------------------------------------------------------
Finished Timing Optimization : Time (s): cpu = 00:00:17 ; elapsed = 00:00:18 . Memory (MB): peak = 1332.375 ; gain = 206.707
---------------------------------------------------------------------------------
---------------------------------------------------------------------------------
Start Technology Mapping
---------------------------------------------------------------------------------
---------------------------------------------------------------------------------
Finished Technology Mapping : Time (s): cpu = 00:00:17 ; elapsed = 00:00:18 . Memory (MB): peak = 1351.469 ; gain = 225.801
---------------------------------------------------------------------------------
---------------------------------------------------------------------------------
Start IO Insertion
---------------------------------------------------------------------------------
---------------------------------------------------------------------------------
Start Flattening Before IO Insertion
---------------------------------------------------------------------------------
---------------------------------------------------------------------------------
Finished Flattening Before IO Insertion
---------------------------------------------------------------------------------
---------------------------------------------------------------------------------
Start Final Netlist Cleanup
---------------------------------------------------------------------------------
---------------------------------------------------------------------------------
Finished Final Netlist Cleanup
---------------------------------------------------------------------------------
---------------------------------------------------------------------------------
Finished IO Insertion : Time (s): cpu = 00:00:20 ; elapsed = 00:00:21 . Memory (MB): peak = 1357.293 ; gain = 231.625
---------------------------------------------------------------------------------
---------------------------------------------------------------------------------
Start Renaming Generated Instances
---------------------------------------------------------------------------------
---------------------------------------------------------------------------------
Finished Renaming Generated Instances : Time (s): cpu = 00:00:20 ; elapsed = 00:00:21 . Memory (MB): peak = 1357.293 ; gain = 231.625
---------------------------------------------------------------------------------
---------------------------------------------------------------------------------
Start Rebuilding User Hierarchy
---------------------------------------------------------------------------------
---------------------------------------------------------------------------------
Finished Rebuilding User Hierarchy : Time (s): cpu = 00:00:20 ; elapsed = 00:00:21 . Memory (MB): peak = 1357.293 ; gain = 231.625
---------------------------------------------------------------------------------
---------------------------------------------------------------------------------
Start Renaming Generated Ports
---------------------------------------------------------------------------------
---------------------------------------------------------------------------------
Finished Renaming Generated Ports : Time (s): cpu = 00:00:20 ; elapsed = 00:00:21 . Memory (MB): peak = 1357.293 ; gain = 231.625
---------------------------------------------------------------------------------
---------------------------------------------------------------------------------
Start Handling Custom Attributes
---------------------------------------------------------------------------------
---------------------------------------------------------------------------------
Finished Handling Custom Attributes : Time (s): cpu = 00:00:20 ; elapsed = 00:00:21 . Memory (MB): peak = 1357.293 ; gain = 231.625
---------------------------------------------------------------------------------
---------------------------------------------------------------------------------
Start Renaming Generated Nets
---------------------------------------------------------------------------------
---------------------------------------------------------------------------------
Finished Renaming Generated Nets : Time (s): cpu = 00:00:20 ; elapsed = 00:00:21 . Memory (MB): peak = 1357.293 ; gain = 231.625
---------------------------------------------------------------------------------
---------------------------------------------------------------------------------
Start Writing Synthesis Report
---------------------------------------------------------------------------------

Report BlackBoxes: 
+------+---------------------+----------+
|      |BlackBox name        |Instances |
+------+---------------------+----------+
|1     |design_1_clk_wiz_0_0 |         1|
|2     |design_1_dvi2rgb_0_0 |         1|
|3     |design_1_rgb2dvi_0_0 |         1|
+------+---------------------+----------+

Report Cell Usage: 
+------+-------------------+------+
|      |Cell               |Count |
+------+-------------------+------+
|1     |design_1_clk_wiz_0 |     1|
|2     |design_1_dvi2rgb_0 |     1|
|3     |design_1_rgb2dvi_0 |     1|
|4     |IBUF               |     1|
|5     |IOBUF              |     2|
|6     |OBUF               |     2|
+------+-------------------+------+
---------------------------------------------------------------------------------
Finished Writing Synthesis Report : Time (s): cpu = 00:00:20 ; elapsed = 00:00:21 . Memory (MB): peak = 1357.293 ; gain = 231.625
---------------------------------------------------------------------------------
Synthesis finished with 0 errors, 0 critical warnings and 0 warnings.
Synthesis Optimization Runtime : Time (s): cpu = 00:00:13 ; elapsed = 00:00:19 . Memory (MB): peak = 1357.293 ; gain = 170.660
Synthesis Optimization Complete : Time (s): cpu = 00:00:20 ; elapsed = 00:00:21 . Memory (MB): peak = 1357.293 ; gain = 231.625
INFO: [Project 1-571] Translating synthesized netlist
Netlist sorting complete. Time (s): cpu = 00:00:00 ; elapsed = 00:00:00 . Memory (MB): peak = 1357.293 ; gain = 0.000
INFO: [Netlist 29-17] Analyzing 2 Unisim elements for replacement
INFO: [Netlist 29-28] Unisim Transformation completed in 0 CPU seconds
INFO: [Project 1-570] Preparing netlist for logic optimization
INFO: [Opt 31-138] Pushed 0 inverter(s) to 0 load pin(s).
Netlist sorting complete. Time (s): cpu = 00:00:00 ; elapsed = 00:00:00 . Memory (MB): peak = 1377.090 ; gain = 0.000
INFO: [Project 1-111] Unisim Transformation Summary:
  A total of 2 instances were transformed.
  IOBUF => IOBUF (IBUF, OBUFT): 2 instances

INFO: [Common 17-83] Releasing license: Synthesis
38 Infos, 4 Warnings, 0 Critical Warnings and 0 Errors encountered.
synth_design completed successfully
synth_design: Time (s): cpu = 00:00:25 ; elapsed = 00:00:27 . Memory (MB): peak = 1377.090 ; gain = 251.422
INFO: [Common 17-1381] The checkpoint 'C:/Users/Admin/Desktop/Zynq7010_eink_controller/controller/Z7_Lite/HDMI_RX/HDMI_RX.runs/synth_1/design_1_wrapper.dcp' has been generated.
INFO: [runtcl-4] Executing : report_utilization -file design_1_wrapper_utilization_synth.rpt -pb design_1_wrapper_utilization_synth.pb
INFO: [Common 17-206] Exiting Vivado at Thu Sep 16 12:39:17 2021...
