Copyright 1986-2020 Xilinx, Inc. All Rights Reserved.
---------------------------------------------------------------------------------------------------------------------------------------------------------
| Tool Version : Vivado v.2020.2 (win64) Build 3064766 Wed Nov 18 09:12:45 MST 2020
| Date         : Sun Oct 17 19:53:27 2021
| Host         : Duller running 64-bit major release  (build 9200)
| Command      : report_bus_skew -warn_on_violation -file hdmi_top_bus_skew_routed.rpt -pb hdmi_top_bus_skew_routed.pb -rpx hdmi_top_bus_skew_routed.rpx
| Design       : hdmi_top
| Device       : 7z010-clg400
| Speed File   : -1  PRODUCTION 1.12 2019-11-22
---------------------------------------------------------------------------------------------------------------------------------------------------------

Bus Skew Report

Table of Contents
-----------------
1. Bus Skew Report Summary
2. Bus Skew Report Per Constraint

1. Bus Skew Report Summary
--------------------------

Id  Position  From                            To                              Corner  Requirement(ns)  Actual(ns)  Slack(ns)
--  --------  ------------------------------  ------------------------------  ------  ---------------  ----------  ---------
1   11        [get_cells [list {dither_controller/inst/fifo_ins_1/U0/inst_fifo_gen/gconvfifo.rf/grf.rf/gntv_or_sync_fifo.gcx.clkx/rd_pntr_cdc_inst/src_gray_ff_reg[0]} {dither_controller/inst/fifo_ins_1/U0/inst_fifo_gen/gconvfifo.rf/grf.rf/gntv_or_sync_fifo.gcx.clkx/rd_pntr_cdc_inst/src_gray_ff_reg[1]} {dither_controller/inst/fifo_ins_1/U0/inst_fifo_gen/gconvfifo.rf/grf.rf/gntv_or_sync_fifo.gcx.clkx/rd_pntr_cdc_inst/src_gray_ff_reg[2]} {dither_controller/inst/fifo_ins_1/U0/inst_fifo_gen/gconvfifo.rf/grf.rf/gntv_or_sync_fifo.gcx.clkx/rd_pntr_cdc_inst/src_gray_ff_reg[3]} {dither_controller/inst/fifo_ins_1/U0/inst_fifo_gen/gconvfifo.rf/grf.rf/gntv_or_sync_fifo.gcx.clkx/rd_pntr_cdc_inst/src_gray_ff_reg[4]} {dither_controller/inst/fifo_ins_1/U0/inst_fifo_gen/gconvfifo.rf/grf.rf/gntv_or_sync_fifo.gcx.clkx/rd_pntr_cdc_inst/src_gray_ff_reg[5]} {dither_controller/inst/fifo_ins_1/U0/inst_fifo_gen/gconvfifo.rf/grf.rf/gntv_or_sync_fifo.gcx.clkx/rd_pntr_cdc_inst/src_gray_ff_reg[6]} {dither_controller/inst/fifo_ins_1/U0/inst_fifo_gen/gconvfifo.rf/grf.rf/gntv_or_sync_fifo.gcx.clkx/rd_pntr_cdc_inst/src_gray_ff_reg[7]} {dither_controller/inst/fifo_ins_1/U0/inst_fifo_gen/gconvfifo.rf/grf.rf/gntv_or_sync_fifo.gcx.clkx/rd_pntr_cdc_inst/src_gray_ff_reg[8]} {dither_controller/inst/fifo_ins_1/U0/inst_fifo_gen/gconvfifo.rf/grf.rf/gntv_or_sync_fifo.gcx.clkx/rd_pntr_cdc_inst/src_gray_ff_reg[9]}]]
                                              [get_cells [list {dither_controller/inst/fifo_ins_1/U0/inst_fifo_gen/gconvfifo.rf/grf.rf/gntv_or_sync_fifo.gcx.clkx/rd_pntr_cdc_inst/dest_graysync_ff_reg[0][0]} {dither_controller/inst/fifo_ins_1/U0/inst_fifo_gen/gconvfifo.rf/grf.rf/gntv_or_sync_fifo.gcx.clkx/rd_pntr_cdc_inst/dest_graysync_ff_reg[0][1]} {dither_controller/inst/fifo_ins_1/U0/inst_fifo_gen/gconvfifo.rf/grf.rf/gntv_or_sync_fifo.gcx.clkx/rd_pntr_cdc_inst/dest_graysync_ff_reg[0][2]} {dither_controller/inst/fifo_ins_1/U0/inst_fifo_gen/gconvfifo.rf/grf.rf/gntv_or_sync_fifo.gcx.clkx/rd_pntr_cdc_inst/dest_graysync_ff_reg[0][3]} {dither_controller/inst/fifo_ins_1/U0/inst_fifo_gen/gconvfifo.rf/grf.rf/gntv_or_sync_fifo.gcx.clkx/rd_pntr_cdc_inst/dest_graysync_ff_reg[0][4]} {dither_controller/inst/fifo_ins_1/U0/inst_fifo_gen/gconvfifo.rf/grf.rf/gntv_or_sync_fifo.gcx.clkx/rd_pntr_cdc_inst/dest_graysync_ff_reg[0][5]} {dither_controller/inst/fifo_ins_1/U0/inst_fifo_gen/gconvfifo.rf/grf.rf/gntv_or_sync_fifo.gcx.clkx/rd_pntr_cdc_inst/dest_graysync_ff_reg[0][6]} {dither_controller/inst/fifo_ins_1/U0/inst_fifo_gen/gconvfifo.rf/grf.rf/gntv_or_sync_fifo.gcx.clkx/rd_pntr_cdc_inst/dest_graysync_ff_reg[0][7]} {dither_controller/inst/fifo_ins_1/U0/inst_fifo_gen/gconvfifo.rf/grf.rf/gntv_or_sync_fifo.gcx.clkx/rd_pntr_cdc_inst/dest_graysync_ff_reg[0][8]} {dither_controller/inst/fifo_ins_1/U0/inst_fifo_gen/gconvfifo.rf/grf.rf/gntv_or_sync_fifo.gcx.clkx/rd_pntr_cdc_inst/dest_graysync_ff_reg[0][9]}]]
                                                                              Slow              3.368       0.848      2.520
2   13        [get_cells [list {dither_controller/inst/fifo_ins_2/U0/inst_fifo_gen/gconvfifo.rf/grf.rf/gntv_or_sync_fifo.gcx.clkx/wr_pntr_cdc_inst/src_gray_ff_reg[0]} {dither_controller/inst/fifo_ins_2/U0/inst_fifo_gen/gconvfifo.rf/grf.rf/gntv_or_sync_fifo.gcx.clkx/wr_pntr_cdc_inst/src_gray_ff_reg[1]} {dither_controller/inst/fifo_ins_2/U0/inst_fifo_gen/gconvfifo.rf/grf.rf/gntv_or_sync_fifo.gcx.clkx/wr_pntr_cdc_inst/src_gray_ff_reg[2]} {dither_controller/inst/fifo_ins_2/U0/inst_fifo_gen/gconvfifo.rf/grf.rf/gntv_or_sync_fifo.gcx.clkx/wr_pntr_cdc_inst/src_gray_ff_reg[3]} {dither_controller/inst/fifo_ins_2/U0/inst_fifo_gen/gconvfifo.rf/grf.rf/gntv_or_sync_fifo.gcx.clkx/wr_pntr_cdc_inst/src_gray_ff_reg[4]} {dither_controller/inst/fifo_ins_2/U0/inst_fifo_gen/gconvfifo.rf/grf.rf/gntv_or_sync_fifo.gcx.clkx/wr_pntr_cdc_inst/src_gray_ff_reg[5]} {dither_controller/inst/fifo_ins_2/U0/inst_fifo_gen/gconvfifo.rf/grf.rf/gntv_or_sync_fifo.gcx.clkx/wr_pntr_cdc_inst/src_gray_ff_reg[6]} {dither_controller/inst/fifo_ins_2/U0/inst_fifo_gen/gconvfifo.rf/grf.rf/gntv_or_sync_fifo.gcx.clkx/wr_pntr_cdc_inst/src_gray_ff_reg[7]} {dither_controller/inst/fifo_ins_2/U0/inst_fifo_gen/gconvfifo.rf/grf.rf/gntv_or_sync_fifo.gcx.clkx/wr_pntr_cdc_inst/src_gray_ff_reg[8]} {dither_controller/inst/fifo_ins_2/U0/inst_fifo_gen/gconvfifo.rf/grf.rf/gntv_or_sync_fifo.gcx.clkx/wr_pntr_cdc_inst/src_gray_ff_reg[9]}]]
                                              [get_cells [list {dither_controller/inst/fifo_ins_2/U0/inst_fifo_gen/gconvfifo.rf/grf.rf/gntv_or_sync_fifo.gcx.clkx/wr_pntr_cdc_inst/dest_graysync_ff_reg[0][0]} {dither_controller/inst/fifo_ins_2/U0/inst_fifo_gen/gconvfifo.rf/grf.rf/gntv_or_sync_fifo.gcx.clkx/wr_pntr_cdc_inst/dest_graysync_ff_reg[0][1]} {dither_controller/inst/fifo_ins_2/U0/inst_fifo_gen/gconvfifo.rf/grf.rf/gntv_or_sync_fifo.gcx.clkx/wr_pntr_cdc_inst/dest_graysync_ff_reg[0][2]} {dither_controller/inst/fifo_ins_2/U0/inst_fifo_gen/gconvfifo.rf/grf.rf/gntv_or_sync_fifo.gcx.clkx/wr_pntr_cdc_inst/dest_graysync_ff_reg[0][3]} {dither_controller/inst/fifo_ins_2/U0/inst_fifo_gen/gconvfifo.rf/grf.rf/gntv_or_sync_fifo.gcx.clkx/wr_pntr_cdc_inst/dest_graysync_ff_reg[0][4]} {dither_controller/inst/fifo_ins_2/U0/inst_fifo_gen/gconvfifo.rf/grf.rf/gntv_or_sync_fifo.gcx.clkx/wr_pntr_cdc_inst/dest_graysync_ff_reg[0][5]} {dither_controller/inst/fifo_ins_2/U0/inst_fifo_gen/gconvfifo.rf/grf.rf/gntv_or_sync_fifo.gcx.clkx/wr_pntr_cdc_inst/dest_graysync_ff_reg[0][6]} {dither_controller/inst/fifo_ins_2/U0/inst_fifo_gen/gconvfifo.rf/grf.rf/gntv_or_sync_fifo.gcx.clkx/wr_pntr_cdc_inst/dest_graysync_ff_reg[0][7]} {dither_controller/inst/fifo_ins_2/U0/inst_fifo_gen/gconvfifo.rf/grf.rf/gntv_or_sync_fifo.gcx.clkx/wr_pntr_cdc_inst/dest_graysync_ff_reg[0][8]} {dither_controller/inst/fifo_ins_2/U0/inst_fifo_gen/gconvfifo.rf/grf.rf/gntv_or_sync_fifo.gcx.clkx/wr_pntr_cdc_inst/dest_graysync_ff_reg[0][9]}]]
                                                                              Slow              3.368       0.651      2.717
3   15        [get_cells [list {dither_controller/inst/fifo_ins_2/U0/inst_fifo_gen/gconvfifo.rf/grf.rf/gntv_or_sync_fifo.gcx.clkx/rd_pntr_cdc_inst/src_gray_ff_reg[0]} {dither_controller/inst/fifo_ins_2/U0/inst_fifo_gen/gconvfifo.rf/grf.rf/gntv_or_sync_fifo.gcx.clkx/rd_pntr_cdc_inst/src_gray_ff_reg[1]} {dither_controller/inst/fifo_ins_2/U0/inst_fifo_gen/gconvfifo.rf/grf.rf/gntv_or_sync_fifo.gcx.clkx/rd_pntr_cdc_inst/src_gray_ff_reg[2]} {dither_controller/inst/fifo_ins_2/U0/inst_fifo_gen/gconvfifo.rf/grf.rf/gntv_or_sync_fifo.gcx.clkx/rd_pntr_cdc_inst/src_gray_ff_reg[3]} {dither_controller/inst/fifo_ins_2/U0/inst_fifo_gen/gconvfifo.rf/grf.rf/gntv_or_sync_fifo.gcx.clkx/rd_pntr_cdc_inst/src_gray_ff_reg[4]} {dither_controller/inst/fifo_ins_2/U0/inst_fifo_gen/gconvfifo.rf/grf.rf/gntv_or_sync_fifo.gcx.clkx/rd_pntr_cdc_inst/src_gray_ff_reg[5]} {dither_controller/inst/fifo_ins_2/U0/inst_fifo_gen/gconvfifo.rf/grf.rf/gntv_or_sync_fifo.gcx.clkx/rd_pntr_cdc_inst/src_gray_ff_reg[6]} {dither_controller/inst/fifo_ins_2/U0/inst_fifo_gen/gconvfifo.rf/grf.rf/gntv_or_sync_fifo.gcx.clkx/rd_pntr_cdc_inst/src_gray_ff_reg[7]} {dither_controller/inst/fifo_ins_2/U0/inst_fifo_gen/gconvfifo.rf/grf.rf/gntv_or_sync_fifo.gcx.clkx/rd_pntr_cdc_inst/src_gray_ff_reg[8]} {dither_controller/inst/fifo_ins_2/U0/inst_fifo_gen/gconvfifo.rf/grf.rf/gntv_or_sync_fifo.gcx.clkx/rd_pntr_cdc_inst/src_gray_ff_reg[9]}]]
                                              [get_cells [list {dither_controller/inst/fifo_ins_2/U0/inst_fifo_gen/gconvfifo.rf/grf.rf/gntv_or_sync_fifo.gcx.clkx/rd_pntr_cdc_inst/dest_graysync_ff_reg[0][0]} {dither_controller/inst/fifo_ins_2/U0/inst_fifo_gen/gconvfifo.rf/grf.rf/gntv_or_sync_fifo.gcx.clkx/rd_pntr_cdc_inst/dest_graysync_ff_reg[0][1]} {dither_controller/inst/fifo_ins_2/U0/inst_fifo_gen/gconvfifo.rf/grf.rf/gntv_or_sync_fifo.gcx.clkx/rd_pntr_cdc_inst/dest_graysync_ff_reg[0][2]} {dither_controller/inst/fifo_ins_2/U0/inst_fifo_gen/gconvfifo.rf/grf.rf/gntv_or_sync_fifo.gcx.clkx/rd_pntr_cdc_inst/dest_graysync_ff_reg[0][3]} {dither_controller/inst/fifo_ins_2/U0/inst_fifo_gen/gconvfifo.rf/grf.rf/gntv_or_sync_fifo.gcx.clkx/rd_pntr_cdc_inst/dest_graysync_ff_reg[0][4]} {dither_controller/inst/fifo_ins_2/U0/inst_fifo_gen/gconvfifo.rf/grf.rf/gntv_or_sync_fifo.gcx.clkx/rd_pntr_cdc_inst/dest_graysync_ff_reg[0][5]} {dither_controller/inst/fifo_ins_2/U0/inst_fifo_gen/gconvfifo.rf/grf.rf/gntv_or_sync_fifo.gcx.clkx/rd_pntr_cdc_inst/dest_graysync_ff_reg[0][6]} {dither_controller/inst/fifo_ins_2/U0/inst_fifo_gen/gconvfifo.rf/grf.rf/gntv_or_sync_fifo.gcx.clkx/rd_pntr_cdc_inst/dest_graysync_ff_reg[0][7]} {dither_controller/inst/fifo_ins_2/U0/inst_fifo_gen/gconvfifo.rf/grf.rf/gntv_or_sync_fifo.gcx.clkx/rd_pntr_cdc_inst/dest_graysync_ff_reg[0][8]} {dither_controller/inst/fifo_ins_2/U0/inst_fifo_gen/gconvfifo.rf/grf.rf/gntv_or_sync_fifo.gcx.clkx/rd_pntr_cdc_inst/dest_graysync_ff_reg[0][9]}]]
                                                                              Slow              3.368       0.703      2.665
4   17        [get_cells [list {dither_controller/inst/fifo_ins_1/U0/inst_fifo_gen/gconvfifo.rf/grf.rf/gntv_or_sync_fifo.gcx.clkx/wr_pntr_cdc_inst/src_gray_ff_reg[0]} {dither_controller/inst/fifo_ins_1/U0/inst_fifo_gen/gconvfifo.rf/grf.rf/gntv_or_sync_fifo.gcx.clkx/wr_pntr_cdc_inst/src_gray_ff_reg[1]} {dither_controller/inst/fifo_ins_1/U0/inst_fifo_gen/gconvfifo.rf/grf.rf/gntv_or_sync_fifo.gcx.clkx/wr_pntr_cdc_inst/src_gray_ff_reg[2]} {dither_controller/inst/fifo_ins_1/U0/inst_fifo_gen/gconvfifo.rf/grf.rf/gntv_or_sync_fifo.gcx.clkx/wr_pntr_cdc_inst/src_gray_ff_reg[3]} {dither_controller/inst/fifo_ins_1/U0/inst_fifo_gen/gconvfifo.rf/grf.rf/gntv_or_sync_fifo.gcx.clkx/wr_pntr_cdc_inst/src_gray_ff_reg[4]} {dither_controller/inst/fifo_ins_1/U0/inst_fifo_gen/gconvfifo.rf/grf.rf/gntv_or_sync_fifo.gcx.clkx/wr_pntr_cdc_inst/src_gray_ff_reg[5]} {dither_controller/inst/fifo_ins_1/U0/inst_fifo_gen/gconvfifo.rf/grf.rf/gntv_or_sync_fifo.gcx.clkx/wr_pntr_cdc_inst/src_gray_ff_reg[6]} {dither_controller/inst/fifo_ins_1/U0/inst_fifo_gen/gconvfifo.rf/grf.rf/gntv_or_sync_fifo.gcx.clkx/wr_pntr_cdc_inst/src_gray_ff_reg[7]} {dither_controller/inst/fifo_ins_1/U0/inst_fifo_gen/gconvfifo.rf/grf.rf/gntv_or_sync_fifo.gcx.clkx/wr_pntr_cdc_inst/src_gray_ff_reg[8]} {dither_controller/inst/fifo_ins_1/U0/inst_fifo_gen/gconvfifo.rf/grf.rf/gntv_or_sync_fifo.gcx.clkx/wr_pntr_cdc_inst/src_gray_ff_reg[9]}]]
                                              [get_cells [list {dither_controller/inst/fifo_ins_1/U0/inst_fifo_gen/gconvfifo.rf/grf.rf/gntv_or_sync_fifo.gcx.clkx/wr_pntr_cdc_inst/dest_graysync_ff_reg[0][0]} {dither_controller/inst/fifo_ins_1/U0/inst_fifo_gen/gconvfifo.rf/grf.rf/gntv_or_sync_fifo.gcx.clkx/wr_pntr_cdc_inst/dest_graysync_ff_reg[0][1]} {dither_controller/inst/fifo_ins_1/U0/inst_fifo_gen/gconvfifo.rf/grf.rf/gntv_or_sync_fifo.gcx.clkx/wr_pntr_cdc_inst/dest_graysync_ff_reg[0][2]} {dither_controller/inst/fifo_ins_1/U0/inst_fifo_gen/gconvfifo.rf/grf.rf/gntv_or_sync_fifo.gcx.clkx/wr_pntr_cdc_inst/dest_graysync_ff_reg[0][3]} {dither_controller/inst/fifo_ins_1/U0/inst_fifo_gen/gconvfifo.rf/grf.rf/gntv_or_sync_fifo.gcx.clkx/wr_pntr_cdc_inst/dest_graysync_ff_reg[0][4]} {dither_controller/inst/fifo_ins_1/U0/inst_fifo_gen/gconvfifo.rf/grf.rf/gntv_or_sync_fifo.gcx.clkx/wr_pntr_cdc_inst/dest_graysync_ff_reg[0][5]} {dither_controller/inst/fifo_ins_1/U0/inst_fifo_gen/gconvfifo.rf/grf.rf/gntv_or_sync_fifo.gcx.clkx/wr_pntr_cdc_inst/dest_graysync_ff_reg[0][6]} {dither_controller/inst/fifo_ins_1/U0/inst_fifo_gen/gconvfifo.rf/grf.rf/gntv_or_sync_fifo.gcx.clkx/wr_pntr_cdc_inst/dest_graysync_ff_reg[0][7]} {dither_controller/inst/fifo_ins_1/U0/inst_fifo_gen/gconvfifo.rf/grf.rf/gntv_or_sync_fifo.gcx.clkx/wr_pntr_cdc_inst/dest_graysync_ff_reg[0][8]} {dither_controller/inst/fifo_ins_1/U0/inst_fifo_gen/gconvfifo.rf/grf.rf/gntv_or_sync_fifo.gcx.clkx/wr_pntr_cdc_inst/dest_graysync_ff_reg[0][9]}]]
                                                                              Slow              3.368       0.839      2.529


2. Bus Skew Report Per Constraint
---------------------------------

Id: 1
set_bus_skew -from [get_cells [list {dither_controller/inst/fifo_ins_1/U0/inst_fifo_gen/gconvfifo.rf/grf.rf/gntv_or_sync_fifo.gcx.clkx/rd_pntr_cdc_inst/src_gray_ff_reg[0]} {dither_controller/inst/fifo_ins_1/U0/inst_fifo_gen/gconvfifo.rf/grf.rf/gntv_or_sync_fifo.gcx.clkx/rd_pntr_cdc_inst/src_gray_ff_reg[1]} {dither_controller/inst/fifo_ins_1/U0/inst_fifo_gen/gconvfifo.rf/grf.rf/gntv_or_sync_fifo.gcx.clkx/rd_pntr_cdc_inst/src_gray_ff_reg[2]} {dither_controller/inst/fifo_ins_1/U0/inst_fifo_gen/gconvfifo.rf/grf.rf/gntv_or_sync_fifo.gcx.clkx/rd_pntr_cdc_inst/src_gray_ff_reg[3]} {dither_controller/inst/fifo_ins_1/U0/inst_fifo_gen/gconvfifo.rf/grf.rf/gntv_or_sync_fifo.gcx.clkx/rd_pntr_cdc_inst/src_gray_ff_reg[4]} {dither_controller/inst/fifo_ins_1/U0/inst_fifo_gen/gconvfifo.rf/grf.rf/gntv_or_sync_fifo.gcx.clkx/rd_pntr_cdc_inst/src_gray_ff_reg[5]} {dither_controller/inst/fifo_ins_1/U0/inst_fifo_gen/gconvfifo.rf/grf.rf/gntv_or_sync_fifo.gcx.clkx/rd_pntr_cdc_inst/src_gray_ff_reg[6]} {dither_controller/inst/fifo_ins_1/U0/inst_fifo_gen/gconvfifo.rf/grf.rf/gntv_or_sync_fifo.gcx.clkx/rd_pntr_cdc_inst/src_gray_ff_reg[7]} {dither_controller/inst/fifo_ins_1/U0/inst_fifo_gen/gconvfifo.rf/grf.rf/gntv_or_sync_fifo.gcx.clkx/rd_pntr_cdc_inst/src_gray_ff_reg[8]} {dither_controller/inst/fifo_ins_1/U0/inst_fifo_gen/gconvfifo.rf/grf.rf/gntv_or_sync_fifo.gcx.clkx/rd_pntr_cdc_inst/src_gray_ff_reg[9]}]] -to [get_cells [list {dither_controller/inst/fifo_ins_1/U0/inst_fifo_gen/gconvfifo.rf/grf.rf/gntv_or_sync_fifo.gcx.clkx/rd_pntr_cdc_inst/dest_graysync_ff_reg[0][0]} {dither_controller/inst/fifo_ins_1/U0/inst_fifo_gen/gconvfifo.rf/grf.rf/gntv_or_sync_fifo.gcx.clkx/rd_pntr_cdc_inst/dest_graysync_ff_reg[0][1]} {dither_controller/inst/fifo_ins_1/U0/inst_fifo_gen/gconvfifo.rf/grf.rf/gntv_or_sync_fifo.gcx.clkx/rd_pntr_cdc_inst/dest_graysync_ff_reg[0][2]} {dither_controller/inst/fifo_ins_1/U0/inst_fifo_gen/gconvfifo.rf/grf.rf/gntv_or_sync_fifo.gcx.clkx/rd_pntr_cdc_inst/dest_graysync_ff_reg[0][3]} {dither_controller/inst/fifo_ins_1/U0/inst_fifo_gen/gconvfifo.rf/grf.rf/gntv_or_sync_fifo.gcx.clkx/rd_pntr_cdc_inst/dest_graysync_ff_reg[0][4]} {dither_controller/inst/fifo_ins_1/U0/inst_fifo_gen/gconvfifo.rf/grf.rf/gntv_or_sync_fifo.gcx.clkx/rd_pntr_cdc_inst/dest_graysync_ff_reg[0][5]} {dither_controller/inst/fifo_ins_1/U0/inst_fifo_gen/gconvfifo.rf/grf.rf/gntv_or_sync_fifo.gcx.clkx/rd_pntr_cdc_inst/dest_graysync_ff_reg[0][6]} {dither_controller/inst/fifo_ins_1/U0/inst_fifo_gen/gconvfifo.rf/grf.rf/gntv_or_sync_fifo.gcx.clkx/rd_pntr_cdc_inst/dest_graysync_ff_reg[0][7]} {dither_controller/inst/fifo_ins_1/U0/inst_fifo_gen/gconvfifo.rf/grf.rf/gntv_or_sync_fifo.gcx.clkx/rd_pntr_cdc_inst/dest_graysync_ff_reg[0][8]} {dither_controller/inst/fifo_ins_1/U0/inst_fifo_gen/gconvfifo.rf/grf.rf/gntv_or_sync_fifo.gcx.clkx/rd_pntr_cdc_inst/dest_graysync_ff_reg[0][9]}]] 3.368
Requirement: 3.368ns
Endpoints: 10

From Clock            To Clock              Endpoint Pin                    Reference Pin                   Corner  Actual(ns)  Slack(ns)
--------------------  --------------------  ------------------------------  ------------------------------  ------  ----------  ---------
clk_out2_clock        clk_out2_clock        dither_controller/inst/fifo_ins_1/U0/inst_fifo_gen/gconvfifo.rf/grf.rf/gntv_or_sync_fifo.gcx.clkx/rd_pntr_cdc_inst/dest_graysync_ff_reg[0][0]/D
                                                                            dither_controller/inst/fifo_ins_1/U0/inst_fifo_gen/gconvfifo.rf/grf.rf/gntv_or_sync_fifo.gcx.clkx/rd_pntr_cdc_inst/dest_graysync_ff_reg[0][2]/D
                                                                                                            Slow         0.848      2.520


Slack (MET) :             2.520ns  (requirement - actual skew)
  Endpoint Source:        dither_controller/inst/fifo_ins_1/U0/inst_fifo_gen/gconvfifo.rf/grf.rf/gntv_or_sync_fifo.gcx.clkx/rd_pntr_cdc_inst/src_gray_ff_reg[0]/C
                            (rising edge-triggered cell FDRE clocked by clk_out2_clock)
  Endpoint Destination:   dither_controller/inst/fifo_ins_1/U0/inst_fifo_gen/gconvfifo.rf/grf.rf/gntv_or_sync_fifo.gcx.clkx/rd_pntr_cdc_inst/dest_graysync_ff_reg[0][0]/D
                            (rising edge-triggered cell FDRE clocked by clk_out2_clock)
  Reference Source:       dither_controller/inst/fifo_ins_1/U0/inst_fifo_gen/gconvfifo.rf/grf.rf/gntv_or_sync_fifo.gcx.clkx/rd_pntr_cdc_inst/src_gray_ff_reg[2]/C
                            (rising edge-triggered cell FDRE clocked by clk_out2_clock)
  Reference Destination:  dither_controller/inst/fifo_ins_1/U0/inst_fifo_gen/gconvfifo.rf/grf.rf/gntv_or_sync_fifo.gcx.clkx/rd_pntr_cdc_inst/dest_graysync_ff_reg[0][2]/D
                            (rising edge-triggered cell FDRE clocked by clk_out2_clock)
  Path Type:              Bus Skew (Max at Slow Process Corner)
  Requirement:            3.368ns
  Endpoint Relative Delay:    1.355ns
  Reference Relative Delay:   0.575ns
  Relative CRPR:              0.000ns
  Uncertainty:                0.068ns
  Actual Bus Skew:            0.848ns  (Endpoint Relative Delay - Reference Relative Delay - Relative CRPR + Uncertainty)

Endpoint path:
    Location             Delay type                Incr(ns)  Path(ns)    Netlist Resource(s)
  -------------------------------------------------------------------    -------------------
                         (clock clk_out2_clock rise edge)
                                                      0.000     0.000 r  
    N18                                               0.000     0.000 r  clk (IN)
                         net (fo=0)                   0.000     0.000    inst_clock/inst/clk_in1
    N18                  IBUF (Prop_ibuf_I_O)         1.492     1.492 r  inst_clock/inst/clkin1_ibufg/O
                         net (fo=1, routed)           1.394     2.886    inst_clock/inst/clk_in1_clock
    MMCME2_ADV_X0Y1      MMCME2_ADV (Prop_mmcme2_adv_CLKIN1_CLKOUT1)
                                                     -6.996    -4.110 r  inst_clock/inst/mmcm_adv_inst/CLKOUT1
                         net (fo=1, routed)           1.760    -2.350    inst_clock/inst/clk_out2_clock
    BUFGCTRL_X0Y16       BUFG (Prop_bufg_I_O)         0.101    -2.249 r  inst_clock/inst/clkout2_buf/O
                         net (fo=1671, routed)        1.680    -0.569    dither_controller/inst/fifo_ins_1/U0/inst_fifo_gen/gconvfifo.rf/grf.rf/gntv_or_sync_fifo.gcx.clkx/rd_pntr_cdc_inst/dest_clk
    SLICE_X14Y0          FDRE                                         r  dither_controller/inst/fifo_ins_1/U0/inst_fifo_gen/gconvfifo.rf/grf.rf/gntv_or_sync_fifo.gcx.clkx/rd_pntr_cdc_inst/src_gray_ff_reg[0]/C
  -------------------------------------------------------------------    -------------------
    SLICE_X14Y0          FDRE (Prop_fdre_C_Q)         0.456    -0.113 r  dither_controller/inst/fifo_ins_1/U0/inst_fifo_gen/gconvfifo.rf/grf.rf/gntv_or_sync_fifo.gcx.clkx/rd_pntr_cdc_inst/src_gray_ff_reg[0]/Q
                         net (fo=1, routed)           0.750     0.637    dither_controller/inst/fifo_ins_1/U0/inst_fifo_gen/gconvfifo.rf/grf.rf/gntv_or_sync_fifo.gcx.clkx/rd_pntr_cdc_inst/async_path[0]
    SLICE_X13Y0          FDRE                                         r  dither_controller/inst/fifo_ins_1/U0/inst_fifo_gen/gconvfifo.rf/grf.rf/gntv_or_sync_fifo.gcx.clkx/rd_pntr_cdc_inst/dest_graysync_ff_reg[0][0]/D
  -------------------------------------------------------------------    -------------------

                         (clock clk_out2_clock rise edge)
                                                      0.000     0.000 r  
    N18                                               0.000     0.000 r  clk (IN)
                         net (fo=0)                   0.000     0.000    inst_clock/inst/clk_in1
    N18                  IBUF (Prop_ibuf_I_O)         1.421     1.421 r  inst_clock/inst/clkin1_ibufg/O
                         net (fo=1, routed)           1.261     2.682    inst_clock/inst/clk_in1_clock
    MMCME2_ADV_X0Y1      MMCME2_ADV (Prop_mmcme2_adv_CLKIN1_CLKOUT1)
                                                     -7.105    -4.423 r  inst_clock/inst/mmcm_adv_inst/CLKOUT1
                         net (fo=1, routed)           1.599    -2.823    inst_clock/inst/clk_out2_clock
    BUFGCTRL_X0Y16       BUFG (Prop_bufg_I_O)         0.091    -2.732 r  inst_clock/inst/clkout2_buf/O
                         net (fo=1671, routed)        1.511    -1.221    dither_controller/inst/fifo_ins_1/U0/inst_fifo_gen/gconvfifo.rf/grf.rf/gntv_or_sync_fifo.gcx.clkx/rd_pntr_cdc_inst/dest_clk
    SLICE_X13Y0          FDRE                                         r  dither_controller/inst/fifo_ins_1/U0/inst_fifo_gen/gconvfifo.rf/grf.rf/gntv_or_sync_fifo.gcx.clkx/rd_pntr_cdc_inst/dest_graysync_ff_reg[0][0]/C
                         clock pessimism              0.598    -0.623    
    SLICE_X13Y0          FDRE (Setup_fdre_C_D)       -0.095    -0.718    dither_controller/inst/fifo_ins_1/U0/inst_fifo_gen/gconvfifo.rf/grf.rf/gntv_or_sync_fifo.gcx.clkx/rd_pntr_cdc_inst/dest_graysync_ff_reg[0][0]
  -------------------------------------------------------------------
                         data arrival                           0.637    
                         clock arrival                         -0.718    
  -------------------------------------------------------------------
                         relative delay                         1.355    

Reference path:
    Location             Delay type                Incr(ns)  Path(ns)    Netlist Resource(s)
  -------------------------------------------------------------------    -------------------
                         (clock clk_out2_clock rise edge)
                                                      0.000     0.000 r  
    N18                                               0.000     0.000 r  clk (IN)
                         net (fo=0)                   0.000     0.000    inst_clock/inst/clk_in1
    N18                  IBUF (Prop_ibuf_I_O)         1.421     1.421 r  inst_clock/inst/clkin1_ibufg/O
                         net (fo=1, routed)           1.261     2.682    inst_clock/inst/clk_in1_clock
    MMCME2_ADV_X0Y1      MMCME2_ADV (Prop_mmcme2_adv_CLKIN1_CLKOUT1)
                                                     -7.105    -4.423 r  inst_clock/inst/mmcm_adv_inst/CLKOUT1
                         net (fo=1, routed)           1.599    -2.823    inst_clock/inst/clk_out2_clock
    BUFGCTRL_X0Y16       BUFG (Prop_bufg_I_O)         0.091    -2.732 r  inst_clock/inst/clkout2_buf/O
                         net (fo=1671, routed)        1.505    -1.227    dither_controller/inst/fifo_ins_1/U0/inst_fifo_gen/gconvfifo.rf/grf.rf/gntv_or_sync_fifo.gcx.clkx/rd_pntr_cdc_inst/dest_clk
    SLICE_X15Y2          FDRE                                         r  dither_controller/inst/fifo_ins_1/U0/inst_fifo_gen/gconvfifo.rf/grf.rf/gntv_or_sync_fifo.gcx.clkx/rd_pntr_cdc_inst/src_gray_ff_reg[2]/C
  -------------------------------------------------------------------    -------------------
    SLICE_X15Y2          FDRE (Prop_fdre_C_Q)         0.367    -0.860 r  dither_controller/inst/fifo_ins_1/U0/inst_fifo_gen/gconvfifo.rf/grf.rf/gntv_or_sync_fifo.gcx.clkx/rd_pntr_cdc_inst/src_gray_ff_reg[2]/Q
                         net (fo=1, routed)           0.402    -0.458    dither_controller/inst/fifo_ins_1/U0/inst_fifo_gen/gconvfifo.rf/grf.rf/gntv_or_sync_fifo.gcx.clkx/rd_pntr_cdc_inst/async_path[2]
    SLICE_X14Y1          FDRE                                         r  dither_controller/inst/fifo_ins_1/U0/inst_fifo_gen/gconvfifo.rf/grf.rf/gntv_or_sync_fifo.gcx.clkx/rd_pntr_cdc_inst/dest_graysync_ff_reg[0][2]/D
  -------------------------------------------------------------------    -------------------

                         (clock clk_out2_clock rise edge)
                                                      0.000     0.000 r  
    N18                                               0.000     0.000 r  clk (IN)
                         net (fo=0)                   0.000     0.000    inst_clock/inst/clk_in1
    N18                  IBUF (Prop_ibuf_I_O)         1.492     1.492 r  inst_clock/inst/clkin1_ibufg/O
                         net (fo=1, routed)           1.394     2.886    inst_clock/inst/clk_in1_clock
    MMCME2_ADV_X0Y1      MMCME2_ADV (Prop_mmcme2_adv_CLKIN1_CLKOUT1)
                                                     -6.996    -4.110 r  inst_clock/inst/mmcm_adv_inst/CLKOUT1
                         net (fo=1, routed)           1.760    -2.350    inst_clock/inst/clk_out2_clock
    BUFGCTRL_X0Y16       BUFG (Prop_bufg_I_O)         0.101    -2.249 r  inst_clock/inst/clkout2_buf/O
                         net (fo=1671, routed)        1.680    -0.569    dither_controller/inst/fifo_ins_1/U0/inst_fifo_gen/gconvfifo.rf/grf.rf/gntv_or_sync_fifo.gcx.clkx/rd_pntr_cdc_inst/dest_clk
    SLICE_X14Y1          FDRE                                         r  dither_controller/inst/fifo_ins_1/U0/inst_fifo_gen/gconvfifo.rf/grf.rf/gntv_or_sync_fifo.gcx.clkx/rd_pntr_cdc_inst/dest_graysync_ff_reg[0][2]/C
                         clock pessimism             -0.633    -1.202    
    SLICE_X14Y1          FDRE (Hold_fdre_C_D)         0.169    -1.033    dither_controller/inst/fifo_ins_1/U0/inst_fifo_gen/gconvfifo.rf/grf.rf/gntv_or_sync_fifo.gcx.clkx/rd_pntr_cdc_inst/dest_graysync_ff_reg[0][2]
  -------------------------------------------------------------------
                         data arrival                          -0.458    
                         clock arrival                         -1.033    
  -------------------------------------------------------------------
                         relative delay                         0.575    



Id: 2
set_bus_skew -from [get_cells [list {dither_controller/inst/fifo_ins_2/U0/inst_fifo_gen/gconvfifo.rf/grf.rf/gntv_or_sync_fifo.gcx.clkx/wr_pntr_cdc_inst/src_gray_ff_reg[0]} {dither_controller/inst/fifo_ins_2/U0/inst_fifo_gen/gconvfifo.rf/grf.rf/gntv_or_sync_fifo.gcx.clkx/wr_pntr_cdc_inst/src_gray_ff_reg[1]} {dither_controller/inst/fifo_ins_2/U0/inst_fifo_gen/gconvfifo.rf/grf.rf/gntv_or_sync_fifo.gcx.clkx/wr_pntr_cdc_inst/src_gray_ff_reg[2]} {dither_controller/inst/fifo_ins_2/U0/inst_fifo_gen/gconvfifo.rf/grf.rf/gntv_or_sync_fifo.gcx.clkx/wr_pntr_cdc_inst/src_gray_ff_reg[3]} {dither_controller/inst/fifo_ins_2/U0/inst_fifo_gen/gconvfifo.rf/grf.rf/gntv_or_sync_fifo.gcx.clkx/wr_pntr_cdc_inst/src_gray_ff_reg[4]} {dither_controller/inst/fifo_ins_2/U0/inst_fifo_gen/gconvfifo.rf/grf.rf/gntv_or_sync_fifo.gcx.clkx/wr_pntr_cdc_inst/src_gray_ff_reg[5]} {dither_controller/inst/fifo_ins_2/U0/inst_fifo_gen/gconvfifo.rf/grf.rf/gntv_or_sync_fifo.gcx.clkx/wr_pntr_cdc_inst/src_gray_ff_reg[6]} {dither_controller/inst/fifo_ins_2/U0/inst_fifo_gen/gconvfifo.rf/grf.rf/gntv_or_sync_fifo.gcx.clkx/wr_pntr_cdc_inst/src_gray_ff_reg[7]} {dither_controller/inst/fifo_ins_2/U0/inst_fifo_gen/gconvfifo.rf/grf.rf/gntv_or_sync_fifo.gcx.clkx/wr_pntr_cdc_inst/src_gray_ff_reg[8]} {dither_controller/inst/fifo_ins_2/U0/inst_fifo_gen/gconvfifo.rf/grf.rf/gntv_or_sync_fifo.gcx.clkx/wr_pntr_cdc_inst/src_gray_ff_reg[9]}]] -to [get_cells [list {dither_controller/inst/fifo_ins_2/U0/inst_fifo_gen/gconvfifo.rf/grf.rf/gntv_or_sync_fifo.gcx.clkx/wr_pntr_cdc_inst/dest_graysync_ff_reg[0][0]} {dither_controller/inst/fifo_ins_2/U0/inst_fifo_gen/gconvfifo.rf/grf.rf/gntv_or_sync_fifo.gcx.clkx/wr_pntr_cdc_inst/dest_graysync_ff_reg[0][1]} {dither_controller/inst/fifo_ins_2/U0/inst_fifo_gen/gconvfifo.rf/grf.rf/gntv_or_sync_fifo.gcx.clkx/wr_pntr_cdc_inst/dest_graysync_ff_reg[0][2]} {dither_controller/inst/fifo_ins_2/U0/inst_fifo_gen/gconvfifo.rf/grf.rf/gntv_or_sync_fifo.gcx.clkx/wr_pntr_cdc_inst/dest_graysync_ff_reg[0][3]} {dither_controller/inst/fifo_ins_2/U0/inst_fifo_gen/gconvfifo.rf/grf.rf/gntv_or_sync_fifo.gcx.clkx/wr_pntr_cdc_inst/dest_graysync_ff_reg[0][4]} {dither_controller/inst/fifo_ins_2/U0/inst_fifo_gen/gconvfifo.rf/grf.rf/gntv_or_sync_fifo.gcx.clkx/wr_pntr_cdc_inst/dest_graysync_ff_reg[0][5]} {dither_controller/inst/fifo_ins_2/U0/inst_fifo_gen/gconvfifo.rf/grf.rf/gntv_or_sync_fifo.gcx.clkx/wr_pntr_cdc_inst/dest_graysync_ff_reg[0][6]} {dither_controller/inst/fifo_ins_2/U0/inst_fifo_gen/gconvfifo.rf/grf.rf/gntv_or_sync_fifo.gcx.clkx/wr_pntr_cdc_inst/dest_graysync_ff_reg[0][7]} {dither_controller/inst/fifo_ins_2/U0/inst_fifo_gen/gconvfifo.rf/grf.rf/gntv_or_sync_fifo.gcx.clkx/wr_pntr_cdc_inst/dest_graysync_ff_reg[0][8]} {dither_controller/inst/fifo_ins_2/U0/inst_fifo_gen/gconvfifo.rf/grf.rf/gntv_or_sync_fifo.gcx.clkx/wr_pntr_cdc_inst/dest_graysync_ff_reg[0][9]}]] 3.368
Requirement: 3.368ns
Endpoints: 10

From Clock            To Clock              Endpoint Pin                    Reference Pin                   Corner  Actual(ns)  Slack(ns)
--------------------  --------------------  ------------------------------  ------------------------------  ------  ----------  ---------
clk_out2_clock        clk_out2_clock        dither_controller/inst/fifo_ins_2/U0/inst_fifo_gen/gconvfifo.rf/grf.rf/gntv_or_sync_fifo.gcx.clkx/wr_pntr_cdc_inst/dest_graysync_ff_reg[0][1]/D
                                                                            dither_controller/inst/fifo_ins_2/U0/inst_fifo_gen/gconvfifo.rf/grf.rf/gntv_or_sync_fifo.gcx.clkx/wr_pntr_cdc_inst/dest_graysync_ff_reg[0][9]/D
                                                                                                            Slow         0.651      2.717


Slack (MET) :             2.717ns  (requirement - actual skew)
  Endpoint Source:        dither_controller/inst/fifo_ins_2/U0/inst_fifo_gen/gconvfifo.rf/grf.rf/gntv_or_sync_fifo.gcx.clkx/wr_pntr_cdc_inst/src_gray_ff_reg[1]/C
                            (rising edge-triggered cell FDRE clocked by clk_out2_clock)
  Endpoint Destination:   dither_controller/inst/fifo_ins_2/U0/inst_fifo_gen/gconvfifo.rf/grf.rf/gntv_or_sync_fifo.gcx.clkx/wr_pntr_cdc_inst/dest_graysync_ff_reg[0][1]/D
                            (rising edge-triggered cell FDRE clocked by clk_out2_clock)
  Reference Source:       dither_controller/inst/fifo_ins_2/U0/inst_fifo_gen/gconvfifo.rf/grf.rf/gntv_or_sync_fifo.gcx.clkx/wr_pntr_cdc_inst/src_gray_ff_reg[9]/C
                            (rising edge-triggered cell FDRE clocked by clk_out2_clock)
  Reference Destination:  dither_controller/inst/fifo_ins_2/U0/inst_fifo_gen/gconvfifo.rf/grf.rf/gntv_or_sync_fifo.gcx.clkx/wr_pntr_cdc_inst/dest_graysync_ff_reg[0][9]/D
                            (rising edge-triggered cell FDRE clocked by clk_out2_clock)
  Path Type:              Bus Skew (Max at Slow Process Corner)
  Requirement:            3.368ns
  Endpoint Relative Delay:    1.247ns
  Reference Relative Delay:   0.665ns
  Relative CRPR:              0.000ns
  Uncertainty:                0.068ns
  Actual Bus Skew:            0.651ns  (Endpoint Relative Delay - Reference Relative Delay - Relative CRPR + Uncertainty)

Endpoint path:
    Location             Delay type                Incr(ns)  Path(ns)    Netlist Resource(s)
  -------------------------------------------------------------------    -------------------
                         (clock clk_out2_clock rise edge)
                                                      0.000     0.000 r  
    N18                                               0.000     0.000 r  clk (IN)
                         net (fo=0)                   0.000     0.000    inst_clock/inst/clk_in1
    N18                  IBUF (Prop_ibuf_I_O)         1.492     1.492 r  inst_clock/inst/clkin1_ibufg/O
                         net (fo=1, routed)           1.394     2.886    inst_clock/inst/clk_in1_clock
    MMCME2_ADV_X0Y1      MMCME2_ADV (Prop_mmcme2_adv_CLKIN1_CLKOUT1)
                                                     -6.996    -4.110 r  inst_clock/inst/mmcm_adv_inst/CLKOUT1
                         net (fo=1, routed)           1.760    -2.350    inst_clock/inst/clk_out2_clock
    BUFGCTRL_X0Y16       BUFG (Prop_bufg_I_O)         0.101    -2.249 r  inst_clock/inst/clkout2_buf/O
                         net (fo=1671, routed)        1.662    -0.587    dither_controller/inst/fifo_ins_2/U0/inst_fifo_gen/gconvfifo.rf/grf.rf/gntv_or_sync_fifo.gcx.clkx/wr_pntr_cdc_inst/dest_clk
    SLICE_X15Y27         FDRE                                         r  dither_controller/inst/fifo_ins_2/U0/inst_fifo_gen/gconvfifo.rf/grf.rf/gntv_or_sync_fifo.gcx.clkx/wr_pntr_cdc_inst/src_gray_ff_reg[1]/C
  -------------------------------------------------------------------    -------------------
    SLICE_X15Y27         FDRE (Prop_fdre_C_Q)         0.419    -0.168 r  dither_controller/inst/fifo_ins_2/U0/inst_fifo_gen/gconvfifo.rf/grf.rf/gntv_or_sync_fifo.gcx.clkx/wr_pntr_cdc_inst/src_gray_ff_reg[1]/Q
                         net (fo=1, routed)           0.562     0.394    dither_controller/inst/fifo_ins_2/U0/inst_fifo_gen/gconvfifo.rf/grf.rf/gntv_or_sync_fifo.gcx.clkx/wr_pntr_cdc_inst/async_path[1]
    SLICE_X15Y27         FDRE                                         r  dither_controller/inst/fifo_ins_2/U0/inst_fifo_gen/gconvfifo.rf/grf.rf/gntv_or_sync_fifo.gcx.clkx/wr_pntr_cdc_inst/dest_graysync_ff_reg[0][1]/D
  -------------------------------------------------------------------    -------------------

                         (clock clk_out2_clock rise edge)
                                                      0.000     0.000 r  
    N18                                               0.000     0.000 r  clk (IN)
                         net (fo=0)                   0.000     0.000    inst_clock/inst/clk_in1
    N18                  IBUF (Prop_ibuf_I_O)         1.421     1.421 r  inst_clock/inst/clkin1_ibufg/O
                         net (fo=1, routed)           1.261     2.682    inst_clock/inst/clk_in1_clock
    MMCME2_ADV_X0Y1      MMCME2_ADV (Prop_mmcme2_adv_CLKIN1_CLKOUT1)
                                                     -7.105    -4.423 r  inst_clock/inst/mmcm_adv_inst/CLKOUT1
                         net (fo=1, routed)           1.599    -2.823    inst_clock/inst/clk_out2_clock
    BUFGCTRL_X0Y16       BUFG (Prop_bufg_I_O)         0.091    -2.732 r  inst_clock/inst/clkout2_buf/O
                         net (fo=1671, routed)        1.490    -1.242    dither_controller/inst/fifo_ins_2/U0/inst_fifo_gen/gconvfifo.rf/grf.rf/gntv_or_sync_fifo.gcx.clkx/wr_pntr_cdc_inst/dest_clk
    SLICE_X15Y27         FDRE                                         r  dither_controller/inst/fifo_ins_2/U0/inst_fifo_gen/gconvfifo.rf/grf.rf/gntv_or_sync_fifo.gcx.clkx/wr_pntr_cdc_inst/dest_graysync_ff_reg[0][1]/C
                         clock pessimism              0.655    -0.587    
    SLICE_X15Y27         FDRE (Setup_fdre_C_D)       -0.266    -0.853    dither_controller/inst/fifo_ins_2/U0/inst_fifo_gen/gconvfifo.rf/grf.rf/gntv_or_sync_fifo.gcx.clkx/wr_pntr_cdc_inst/dest_graysync_ff_reg[0][1]
  -------------------------------------------------------------------
                         data arrival                           0.394    
                         clock arrival                         -0.853    
  -------------------------------------------------------------------
                         relative delay                         1.247    

Reference path:
    Location             Delay type                Incr(ns)  Path(ns)    Netlist Resource(s)
  -------------------------------------------------------------------    -------------------
                         (clock clk_out2_clock rise edge)
                                                      0.000     0.000 r  
    N18                                               0.000     0.000 r  clk (IN)
                         net (fo=0)                   0.000     0.000    inst_clock/inst/clk_in1
    N18                  IBUF (Prop_ibuf_I_O)         1.421     1.421 r  inst_clock/inst/clkin1_ibufg/O
                         net (fo=1, routed)           1.261     2.682    inst_clock/inst/clk_in1_clock
    MMCME2_ADV_X0Y1      MMCME2_ADV (Prop_mmcme2_adv_CLKIN1_CLKOUT1)
                                                     -7.105    -4.423 r  inst_clock/inst/mmcm_adv_inst/CLKOUT1
                         net (fo=1, routed)           1.599    -2.823    inst_clock/inst/clk_out2_clock
    BUFGCTRL_X0Y16       BUFG (Prop_bufg_I_O)         0.091    -2.732 r  inst_clock/inst/clkout2_buf/O
                         net (fo=1671, routed)        1.493    -1.239    dither_controller/inst/fifo_ins_2/U0/inst_fifo_gen/gconvfifo.rf/grf.rf/gntv_or_sync_fifo.gcx.clkx/wr_pntr_cdc_inst/dest_clk
    SLICE_X19Y31         FDRE                                         r  dither_controller/inst/fifo_ins_2/U0/inst_fifo_gen/gconvfifo.rf/grf.rf/gntv_or_sync_fifo.gcx.clkx/wr_pntr_cdc_inst/src_gray_ff_reg[9]/C
  -------------------------------------------------------------------    -------------------
    SLICE_X19Y31         FDRE (Prop_fdre_C_Q)         0.367    -0.872 r  dither_controller/inst/fifo_ins_2/U0/inst_fifo_gen/gconvfifo.rf/grf.rf/gntv_or_sync_fifo.gcx.clkx/wr_pntr_cdc_inst/src_gray_ff_reg[9]/Q
                         net (fo=1, routed)           0.490    -0.382    dither_controller/inst/fifo_ins_2/U0/inst_fifo_gen/gconvfifo.rf/grf.rf/gntv_or_sync_fifo.gcx.clkx/wr_pntr_cdc_inst/async_path[9]
    SLICE_X18Y31         FDRE                                         r  dither_controller/inst/fifo_ins_2/U0/inst_fifo_gen/gconvfifo.rf/grf.rf/gntv_or_sync_fifo.gcx.clkx/wr_pntr_cdc_inst/dest_graysync_ff_reg[0][9]/D
  -------------------------------------------------------------------    -------------------

                         (clock clk_out2_clock rise edge)
                                                      0.000     0.000 r  
    N18                                               0.000     0.000 r  clk (IN)
                         net (fo=0)                   0.000     0.000    inst_clock/inst/clk_in1
    N18                  IBUF (Prop_ibuf_I_O)         1.492     1.492 r  inst_clock/inst/clkin1_ibufg/O
                         net (fo=1, routed)           1.394     2.886    inst_clock/inst/clk_in1_clock
    MMCME2_ADV_X0Y1      MMCME2_ADV (Prop_mmcme2_adv_CLKIN1_CLKOUT1)
                                                     -6.996    -4.110 r  inst_clock/inst/mmcm_adv_inst/CLKOUT1
                         net (fo=1, routed)           1.760    -2.350    inst_clock/inst/clk_out2_clock
    BUFGCTRL_X0Y16       BUFG (Prop_bufg_I_O)         0.101    -2.249 r  inst_clock/inst/clkout2_buf/O
                         net (fo=1671, routed)        1.666    -0.583    dither_controller/inst/fifo_ins_2/U0/inst_fifo_gen/gconvfifo.rf/grf.rf/gntv_or_sync_fifo.gcx.clkx/wr_pntr_cdc_inst/dest_clk
    SLICE_X18Y31         FDRE                                         r  dither_controller/inst/fifo_ins_2/U0/inst_fifo_gen/gconvfifo.rf/grf.rf/gntv_or_sync_fifo.gcx.clkx/wr_pntr_cdc_inst/dest_graysync_ff_reg[0][9]/C
                         clock pessimism             -0.634    -1.217    
    SLICE_X18Y31         FDRE (Hold_fdre_C_D)         0.170    -1.047    dither_controller/inst/fifo_ins_2/U0/inst_fifo_gen/gconvfifo.rf/grf.rf/gntv_or_sync_fifo.gcx.clkx/wr_pntr_cdc_inst/dest_graysync_ff_reg[0][9]
  -------------------------------------------------------------------
                         data arrival                          -0.382    
                         clock arrival                         -1.047    
  -------------------------------------------------------------------
                         relative delay                         0.665    



Id: 3
set_bus_skew -from [get_cells [list {dither_controller/inst/fifo_ins_2/U0/inst_fifo_gen/gconvfifo.rf/grf.rf/gntv_or_sync_fifo.gcx.clkx/rd_pntr_cdc_inst/src_gray_ff_reg[0]} {dither_controller/inst/fifo_ins_2/U0/inst_fifo_gen/gconvfifo.rf/grf.rf/gntv_or_sync_fifo.gcx.clkx/rd_pntr_cdc_inst/src_gray_ff_reg[1]} {dither_controller/inst/fifo_ins_2/U0/inst_fifo_gen/gconvfifo.rf/grf.rf/gntv_or_sync_fifo.gcx.clkx/rd_pntr_cdc_inst/src_gray_ff_reg[2]} {dither_controller/inst/fifo_ins_2/U0/inst_fifo_gen/gconvfifo.rf/grf.rf/gntv_or_sync_fifo.gcx.clkx/rd_pntr_cdc_inst/src_gray_ff_reg[3]} {dither_controller/inst/fifo_ins_2/U0/inst_fifo_gen/gconvfifo.rf/grf.rf/gntv_or_sync_fifo.gcx.clkx/rd_pntr_cdc_inst/src_gray_ff_reg[4]} {dither_controller/inst/fifo_ins_2/U0/inst_fifo_gen/gconvfifo.rf/grf.rf/gntv_or_sync_fifo.gcx.clkx/rd_pntr_cdc_inst/src_gray_ff_reg[5]} {dither_controller/inst/fifo_ins_2/U0/inst_fifo_gen/gconvfifo.rf/grf.rf/gntv_or_sync_fifo.gcx.clkx/rd_pntr_cdc_inst/src_gray_ff_reg[6]} {dither_controller/inst/fifo_ins_2/U0/inst_fifo_gen/gconvfifo.rf/grf.rf/gntv_or_sync_fifo.gcx.clkx/rd_pntr_cdc_inst/src_gray_ff_reg[7]} {dither_controller/inst/fifo_ins_2/U0/inst_fifo_gen/gconvfifo.rf/grf.rf/gntv_or_sync_fifo.gcx.clkx/rd_pntr_cdc_inst/src_gray_ff_reg[8]} {dither_controller/inst/fifo_ins_2/U0/inst_fifo_gen/gconvfifo.rf/grf.rf/gntv_or_sync_fifo.gcx.clkx/rd_pntr_cdc_inst/src_gray_ff_reg[9]}]] -to [get_cells [list {dither_controller/inst/fifo_ins_2/U0/inst_fifo_gen/gconvfifo.rf/grf.rf/gntv_or_sync_fifo.gcx.clkx/rd_pntr_cdc_inst/dest_graysync_ff_reg[0][0]} {dither_controller/inst/fifo_ins_2/U0/inst_fifo_gen/gconvfifo.rf/grf.rf/gntv_or_sync_fifo.gcx.clkx/rd_pntr_cdc_inst/dest_graysync_ff_reg[0][1]} {dither_controller/inst/fifo_ins_2/U0/inst_fifo_gen/gconvfifo.rf/grf.rf/gntv_or_sync_fifo.gcx.clkx/rd_pntr_cdc_inst/dest_graysync_ff_reg[0][2]} {dither_controller/inst/fifo_ins_2/U0/inst_fifo_gen/gconvfifo.rf/grf.rf/gntv_or_sync_fifo.gcx.clkx/rd_pntr_cdc_inst/dest_graysync_ff_reg[0][3]} {dither_controller/inst/fifo_ins_2/U0/inst_fifo_gen/gconvfifo.rf/grf.rf/gntv_or_sync_fifo.gcx.clkx/rd_pntr_cdc_inst/dest_graysync_ff_reg[0][4]} {dither_controller/inst/fifo_ins_2/U0/inst_fifo_gen/gconvfifo.rf/grf.rf/gntv_or_sync_fifo.gcx.clkx/rd_pntr_cdc_inst/dest_graysync_ff_reg[0][5]} {dither_controller/inst/fifo_ins_2/U0/inst_fifo_gen/gconvfifo.rf/grf.rf/gntv_or_sync_fifo.gcx.clkx/rd_pntr_cdc_inst/dest_graysync_ff_reg[0][6]} {dither_controller/inst/fifo_ins_2/U0/inst_fifo_gen/gconvfifo.rf/grf.rf/gntv_or_sync_fifo.gcx.clkx/rd_pntr_cdc_inst/dest_graysync_ff_reg[0][7]} {dither_controller/inst/fifo_ins_2/U0/inst_fifo_gen/gconvfifo.rf/grf.rf/gntv_or_sync_fifo.gcx.clkx/rd_pntr_cdc_inst/dest_graysync_ff_reg[0][8]} {dither_controller/inst/fifo_ins_2/U0/inst_fifo_gen/gconvfifo.rf/grf.rf/gntv_or_sync_fifo.gcx.clkx/rd_pntr_cdc_inst/dest_graysync_ff_reg[0][9]}]] 3.368
Requirement: 3.368ns
Endpoints: 10

From Clock            To Clock              Endpoint Pin                    Reference Pin                   Corner  Actual(ns)  Slack(ns)
--------------------  --------------------  ------------------------------  ------------------------------  ------  ----------  ---------
clk_out2_clock        clk_out2_clock        dither_controller/inst/fifo_ins_2/U0/inst_fifo_gen/gconvfifo.rf/grf.rf/gntv_or_sync_fifo.gcx.clkx/rd_pntr_cdc_inst/dest_graysync_ff_reg[0][6]/D
                                                                            dither_controller/inst/fifo_ins_2/U0/inst_fifo_gen/gconvfifo.rf/grf.rf/gntv_or_sync_fifo.gcx.clkx/rd_pntr_cdc_inst/dest_graysync_ff_reg[0][8]/D
                                                                                                            Slow         0.703      2.665


Slack (MET) :             2.665ns  (requirement - actual skew)
  Endpoint Source:        dither_controller/inst/fifo_ins_2/U0/inst_fifo_gen/gconvfifo.rf/grf.rf/gntv_or_sync_fifo.gcx.clkx/rd_pntr_cdc_inst/src_gray_ff_reg[6]/C
                            (rising edge-triggered cell FDRE clocked by clk_out2_clock)
  Endpoint Destination:   dither_controller/inst/fifo_ins_2/U0/inst_fifo_gen/gconvfifo.rf/grf.rf/gntv_or_sync_fifo.gcx.clkx/rd_pntr_cdc_inst/dest_graysync_ff_reg[0][6]/D
                            (rising edge-triggered cell FDRE clocked by clk_out2_clock)
  Reference Source:       dither_controller/inst/fifo_ins_2/U0/inst_fifo_gen/gconvfifo.rf/grf.rf/gntv_or_sync_fifo.gcx.clkx/rd_pntr_cdc_inst/src_gray_ff_reg[8]/C
                            (rising edge-triggered cell FDRE clocked by clk_out2_clock)
  Reference Destination:  dither_controller/inst/fifo_ins_2/U0/inst_fifo_gen/gconvfifo.rf/grf.rf/gntv_or_sync_fifo.gcx.clkx/rd_pntr_cdc_inst/dest_graysync_ff_reg[0][8]/D
                            (rising edge-triggered cell FDRE clocked by clk_out2_clock)
  Path Type:              Bus Skew (Max at Slow Process Corner)
  Requirement:            3.368ns
  Endpoint Relative Delay:    1.314ns
  Reference Relative Delay:   0.679ns
  Relative CRPR:              0.000ns
  Uncertainty:                0.068ns
  Actual Bus Skew:            0.703ns  (Endpoint Relative Delay - Reference Relative Delay - Relative CRPR + Uncertainty)

Endpoint path:
    Location             Delay type                Incr(ns)  Path(ns)    Netlist Resource(s)
  -------------------------------------------------------------------    -------------------
                         (clock clk_out2_clock rise edge)
                                                      0.000     0.000 r  
    N18                                               0.000     0.000 r  clk (IN)
                         net (fo=0)                   0.000     0.000    inst_clock/inst/clk_in1
    N18                  IBUF (Prop_ibuf_I_O)         1.492     1.492 r  inst_clock/inst/clkin1_ibufg/O
                         net (fo=1, routed)           1.394     2.886    inst_clock/inst/clk_in1_clock
    MMCME2_ADV_X0Y1      MMCME2_ADV (Prop_mmcme2_adv_CLKIN1_CLKOUT1)
                                                     -6.996    -4.110 r  inst_clock/inst/mmcm_adv_inst/CLKOUT1
                         net (fo=1, routed)           1.760    -2.350    inst_clock/inst/clk_out2_clock
    BUFGCTRL_X0Y16       BUFG (Prop_bufg_I_O)         0.101    -2.249 r  inst_clock/inst/clkout2_buf/O
                         net (fo=1671, routed)        1.658    -0.591    dither_controller/inst/fifo_ins_2/U0/inst_fifo_gen/gconvfifo.rf/grf.rf/gntv_or_sync_fifo.gcx.clkx/rd_pntr_cdc_inst/dest_clk
    SLICE_X26Y26         FDRE                                         r  dither_controller/inst/fifo_ins_2/U0/inst_fifo_gen/gconvfifo.rf/grf.rf/gntv_or_sync_fifo.gcx.clkx/rd_pntr_cdc_inst/src_gray_ff_reg[6]/C
  -------------------------------------------------------------------    -------------------
    SLICE_X26Y26         FDRE (Prop_fdre_C_Q)         0.456    -0.135 r  dither_controller/inst/fifo_ins_2/U0/inst_fifo_gen/gconvfifo.rf/grf.rf/gntv_or_sync_fifo.gcx.clkx/rd_pntr_cdc_inst/src_gray_ff_reg[6]/Q
                         net (fo=1, routed)           0.763     0.628    dither_controller/inst/fifo_ins_2/U0/inst_fifo_gen/gconvfifo.rf/grf.rf/gntv_or_sync_fifo.gcx.clkx/rd_pntr_cdc_inst/async_path[6]
    SLICE_X26Y26         FDRE                                         r  dither_controller/inst/fifo_ins_2/U0/inst_fifo_gen/gconvfifo.rf/grf.rf/gntv_or_sync_fifo.gcx.clkx/rd_pntr_cdc_inst/dest_graysync_ff_reg[0][6]/D
  -------------------------------------------------------------------    -------------------

                         (clock clk_out2_clock rise edge)
                                                      0.000     0.000 r  
    N18                                               0.000     0.000 r  clk (IN)
                         net (fo=0)                   0.000     0.000    inst_clock/inst/clk_in1
    N18                  IBUF (Prop_ibuf_I_O)         1.421     1.421 r  inst_clock/inst/clkin1_ibufg/O
                         net (fo=1, routed)           1.261     2.682    inst_clock/inst/clk_in1_clock
    MMCME2_ADV_X0Y1      MMCME2_ADV (Prop_mmcme2_adv_CLKIN1_CLKOUT1)
                                                     -7.105    -4.423 r  inst_clock/inst/mmcm_adv_inst/CLKOUT1
                         net (fo=1, routed)           1.599    -2.823    inst_clock/inst/clk_out2_clock
    BUFGCTRL_X0Y16       BUFG (Prop_bufg_I_O)         0.091    -2.732 r  inst_clock/inst/clkout2_buf/O
                         net (fo=1671, routed)        1.487    -1.245    dither_controller/inst/fifo_ins_2/U0/inst_fifo_gen/gconvfifo.rf/grf.rf/gntv_or_sync_fifo.gcx.clkx/rd_pntr_cdc_inst/dest_clk
    SLICE_X26Y26         FDRE                                         r  dither_controller/inst/fifo_ins_2/U0/inst_fifo_gen/gconvfifo.rf/grf.rf/gntv_or_sync_fifo.gcx.clkx/rd_pntr_cdc_inst/dest_graysync_ff_reg[0][6]/C
                         clock pessimism              0.654    -0.591    
    SLICE_X26Y26         FDRE (Setup_fdre_C_D)       -0.095    -0.686    dither_controller/inst/fifo_ins_2/U0/inst_fifo_gen/gconvfifo.rf/grf.rf/gntv_or_sync_fifo.gcx.clkx/rd_pntr_cdc_inst/dest_graysync_ff_reg[0][6]
  -------------------------------------------------------------------
                         data arrival                           0.628    
                         clock arrival                         -0.686    
  -------------------------------------------------------------------
                         relative delay                         1.314    

Reference path:
    Location             Delay type                Incr(ns)  Path(ns)    Netlist Resource(s)
  -------------------------------------------------------------------    -------------------
                         (clock clk_out2_clock rise edge)
                                                      0.000     0.000 r  
    N18                                               0.000     0.000 r  clk (IN)
                         net (fo=0)                   0.000     0.000    inst_clock/inst/clk_in1
    N18                  IBUF (Prop_ibuf_I_O)         1.421     1.421 r  inst_clock/inst/clkin1_ibufg/O
                         net (fo=1, routed)           1.261     2.682    inst_clock/inst/clk_in1_clock
    MMCME2_ADV_X0Y1      MMCME2_ADV (Prop_mmcme2_adv_CLKIN1_CLKOUT1)
                                                     -7.105    -4.423 r  inst_clock/inst/mmcm_adv_inst/CLKOUT1
                         net (fo=1, routed)           1.599    -2.823    inst_clock/inst/clk_out2_clock
    BUFGCTRL_X0Y16       BUFG (Prop_bufg_I_O)         0.091    -2.732 r  inst_clock/inst/clkout2_buf/O
                         net (fo=1671, routed)        1.488    -1.244    dither_controller/inst/fifo_ins_2/U0/inst_fifo_gen/gconvfifo.rf/grf.rf/gntv_or_sync_fifo.gcx.clkx/rd_pntr_cdc_inst/dest_clk
    SLICE_X26Y27         FDRE                                         r  dither_controller/inst/fifo_ins_2/U0/inst_fifo_gen/gconvfifo.rf/grf.rf/gntv_or_sync_fifo.gcx.clkx/rd_pntr_cdc_inst/src_gray_ff_reg[8]/C
  -------------------------------------------------------------------    -------------------
    SLICE_X26Y27         FDRE (Prop_fdre_C_Q)         0.367    -0.877 r  dither_controller/inst/fifo_ins_2/U0/inst_fifo_gen/gconvfifo.rf/grf.rf/gntv_or_sync_fifo.gcx.clkx/rd_pntr_cdc_inst/src_gray_ff_reg[8]/Q
                         net (fo=1, routed)           0.482    -0.395    dither_controller/inst/fifo_ins_2/U0/inst_fifo_gen/gconvfifo.rf/grf.rf/gntv_or_sync_fifo.gcx.clkx/rd_pntr_cdc_inst/async_path[8]
    SLICE_X26Y27         FDRE                                         r  dither_controller/inst/fifo_ins_2/U0/inst_fifo_gen/gconvfifo.rf/grf.rf/gntv_or_sync_fifo.gcx.clkx/rd_pntr_cdc_inst/dest_graysync_ff_reg[0][8]/D
  -------------------------------------------------------------------    -------------------

                         (clock clk_out2_clock rise edge)
                                                      0.000     0.000 r  
    N18                                               0.000     0.000 r  clk (IN)
                         net (fo=0)                   0.000     0.000    inst_clock/inst/clk_in1
    N18                  IBUF (Prop_ibuf_I_O)         1.492     1.492 r  inst_clock/inst/clkin1_ibufg/O
                         net (fo=1, routed)           1.394     2.886    inst_clock/inst/clk_in1_clock
    MMCME2_ADV_X0Y1      MMCME2_ADV (Prop_mmcme2_adv_CLKIN1_CLKOUT1)
                                                     -6.996    -4.110 r  inst_clock/inst/mmcm_adv_inst/CLKOUT1
                         net (fo=1, routed)           1.760    -2.350    inst_clock/inst/clk_out2_clock
    BUFGCTRL_X0Y16       BUFG (Prop_bufg_I_O)         0.101    -2.249 r  inst_clock/inst/clkout2_buf/O
                         net (fo=1671, routed)        1.659    -0.590    dither_controller/inst/fifo_ins_2/U0/inst_fifo_gen/gconvfifo.rf/grf.rf/gntv_or_sync_fifo.gcx.clkx/rd_pntr_cdc_inst/dest_clk
    SLICE_X26Y27         FDRE                                         r  dither_controller/inst/fifo_ins_2/U0/inst_fifo_gen/gconvfifo.rf/grf.rf/gntv_or_sync_fifo.gcx.clkx/rd_pntr_cdc_inst/dest_graysync_ff_reg[0][8]/C
                         clock pessimism             -0.654    -1.244    
    SLICE_X26Y27         FDRE (Hold_fdre_C_D)         0.170    -1.074    dither_controller/inst/fifo_ins_2/U0/inst_fifo_gen/gconvfifo.rf/grf.rf/gntv_or_sync_fifo.gcx.clkx/rd_pntr_cdc_inst/dest_graysync_ff_reg[0][8]
  -------------------------------------------------------------------
                         data arrival                          -0.395    
                         clock arrival                         -1.074    
  -------------------------------------------------------------------
                         relative delay                         0.679    



Id: 4
set_bus_skew -from [get_cells [list {dither_controller/inst/fifo_ins_1/U0/inst_fifo_gen/gconvfifo.rf/grf.rf/gntv_or_sync_fifo.gcx.clkx/wr_pntr_cdc_inst/src_gray_ff_reg[0]} {dither_controller/inst/fifo_ins_1/U0/inst_fifo_gen/gconvfifo.rf/grf.rf/gntv_or_sync_fifo.gcx.clkx/wr_pntr_cdc_inst/src_gray_ff_reg[1]} {dither_controller/inst/fifo_ins_1/U0/inst_fifo_gen/gconvfifo.rf/grf.rf/gntv_or_sync_fifo.gcx.clkx/wr_pntr_cdc_inst/src_gray_ff_reg[2]} {dither_controller/inst/fifo_ins_1/U0/inst_fifo_gen/gconvfifo.rf/grf.rf/gntv_or_sync_fifo.gcx.clkx/wr_pntr_cdc_inst/src_gray_ff_reg[3]} {dither_controller/inst/fifo_ins_1/U0/inst_fifo_gen/gconvfifo.rf/grf.rf/gntv_or_sync_fifo.gcx.clkx/wr_pntr_cdc_inst/src_gray_ff_reg[4]} {dither_controller/inst/fifo_ins_1/U0/inst_fifo_gen/gconvfifo.rf/grf.rf/gntv_or_sync_fifo.gcx.clkx/wr_pntr_cdc_inst/src_gray_ff_reg[5]} {dither_controller/inst/fifo_ins_1/U0/inst_fifo_gen/gconvfifo.rf/grf.rf/gntv_or_sync_fifo.gcx.clkx/wr_pntr_cdc_inst/src_gray_ff_reg[6]} {dither_controller/inst/fifo_ins_1/U0/inst_fifo_gen/gconvfifo.rf/grf.rf/gntv_or_sync_fifo.gcx.clkx/wr_pntr_cdc_inst/src_gray_ff_reg[7]} {dither_controller/inst/fifo_ins_1/U0/inst_fifo_gen/gconvfifo.rf/grf.rf/gntv_or_sync_fifo.gcx.clkx/wr_pntr_cdc_inst/src_gray_ff_reg[8]} {dither_controller/inst/fifo_ins_1/U0/inst_fifo_gen/gconvfifo.rf/grf.rf/gntv_or_sync_fifo.gcx.clkx/wr_pntr_cdc_inst/src_gray_ff_reg[9]}]] -to [get_cells [list {dither_controller/inst/fifo_ins_1/U0/inst_fifo_gen/gconvfifo.rf/grf.rf/gntv_or_sync_fifo.gcx.clkx/wr_pntr_cdc_inst/dest_graysync_ff_reg[0][0]} {dither_controller/inst/fifo_ins_1/U0/inst_fifo_gen/gconvfifo.rf/grf.rf/gntv_or_sync_fifo.gcx.clkx/wr_pntr_cdc_inst/dest_graysync_ff_reg[0][1]} {dither_controller/inst/fifo_ins_1/U0/inst_fifo_gen/gconvfifo.rf/grf.rf/gntv_or_sync_fifo.gcx.clkx/wr_pntr_cdc_inst/dest_graysync_ff_reg[0][2]} {dither_controller/inst/fifo_ins_1/U0/inst_fifo_gen/gconvfifo.rf/grf.rf/gntv_or_sync_fifo.gcx.clkx/wr_pntr_cdc_inst/dest_graysync_ff_reg[0][3]} {dither_controller/inst/fifo_ins_1/U0/inst_fifo_gen/gconvfifo.rf/grf.rf/gntv_or_sync_fifo.gcx.clkx/wr_pntr_cdc_inst/dest_graysync_ff_reg[0][4]} {dither_controller/inst/fifo_ins_1/U0/inst_fifo_gen/gconvfifo.rf/grf.rf/gntv_or_sync_fifo.gcx.clkx/wr_pntr_cdc_inst/dest_graysync_ff_reg[0][5]} {dither_controller/inst/fifo_ins_1/U0/inst_fifo_gen/gconvfifo.rf/grf.rf/gntv_or_sync_fifo.gcx.clkx/wr_pntr_cdc_inst/dest_graysync_ff_reg[0][6]} {dither_controller/inst/fifo_ins_1/U0/inst_fifo_gen/gconvfifo.rf/grf.rf/gntv_or_sync_fifo.gcx.clkx/wr_pntr_cdc_inst/dest_graysync_ff_reg[0][7]} {dither_controller/inst/fifo_ins_1/U0/inst_fifo_gen/gconvfifo.rf/grf.rf/gntv_or_sync_fifo.gcx.clkx/wr_pntr_cdc_inst/dest_graysync_ff_reg[0][8]} {dither_controller/inst/fifo_ins_1/U0/inst_fifo_gen/gconvfifo.rf/grf.rf/gntv_or_sync_fifo.gcx.clkx/wr_pntr_cdc_inst/dest_graysync_ff_reg[0][9]}]] 3.368
Requirement: 3.368ns
Endpoints: 10

From Clock            To Clock              Endpoint Pin                    Reference Pin                   Corner  Actual(ns)  Slack(ns)
--------------------  --------------------  ------------------------------  ------------------------------  ------  ----------  ---------
clk_out2_clock        clk_out2_clock        dither_controller/inst/fifo_ins_1/U0/inst_fifo_gen/gconvfifo.rf/grf.rf/gntv_or_sync_fifo.gcx.clkx/wr_pntr_cdc_inst/dest_graysync_ff_reg[0][9]/D
                                                                            dither_controller/inst/fifo_ins_1/U0/inst_fifo_gen/gconvfifo.rf/grf.rf/gntv_or_sync_fifo.gcx.clkx/wr_pntr_cdc_inst/dest_graysync_ff_reg[0][7]/D
                                                                                                            Slow         0.839      2.529


Slack (MET) :             2.529ns  (requirement - actual skew)
  Endpoint Source:        dither_controller/inst/fifo_ins_1/U0/inst_fifo_gen/gconvfifo.rf/grf.rf/gntv_or_sync_fifo.gcx.clkx/wr_pntr_cdc_inst/src_gray_ff_reg[9]/C
                            (rising edge-triggered cell FDRE clocked by clk_out2_clock)
  Endpoint Destination:   dither_controller/inst/fifo_ins_1/U0/inst_fifo_gen/gconvfifo.rf/grf.rf/gntv_or_sync_fifo.gcx.clkx/wr_pntr_cdc_inst/dest_graysync_ff_reg[0][9]/D
                            (rising edge-triggered cell FDRE clocked by clk_out2_clock)
  Reference Source:       dither_controller/inst/fifo_ins_1/U0/inst_fifo_gen/gconvfifo.rf/grf.rf/gntv_or_sync_fifo.gcx.clkx/wr_pntr_cdc_inst/src_gray_ff_reg[7]/C
                            (rising edge-triggered cell FDRE clocked by clk_out2_clock)
  Reference Destination:  dither_controller/inst/fifo_ins_1/U0/inst_fifo_gen/gconvfifo.rf/grf.rf/gntv_or_sync_fifo.gcx.clkx/wr_pntr_cdc_inst/dest_graysync_ff_reg[0][7]/D
                            (rising edge-triggered cell FDRE clocked by clk_out2_clock)
  Path Type:              Bus Skew (Max at Slow Process Corner)
  Requirement:            3.368ns
  Endpoint Relative Delay:    1.428ns
  Reference Relative Delay:   0.657ns
  Relative CRPR:              0.000ns
  Uncertainty:                0.068ns
  Actual Bus Skew:            0.839ns  (Endpoint Relative Delay - Reference Relative Delay - Relative CRPR + Uncertainty)

Endpoint path:
    Location             Delay type                Incr(ns)  Path(ns)    Netlist Resource(s)
  -------------------------------------------------------------------    -------------------
                         (clock clk_out2_clock rise edge)
                                                      0.000     0.000 r  
    N18                                               0.000     0.000 r  clk (IN)
                         net (fo=0)                   0.000     0.000    inst_clock/inst/clk_in1
    N18                  IBUF (Prop_ibuf_I_O)         1.492     1.492 r  inst_clock/inst/clkin1_ibufg/O
                         net (fo=1, routed)           1.394     2.886    inst_clock/inst/clk_in1_clock
    MMCME2_ADV_X0Y1      MMCME2_ADV (Prop_mmcme2_adv_CLKIN1_CLKOUT1)
                                                     -6.996    -4.110 r  inst_clock/inst/mmcm_adv_inst/CLKOUT1
                         net (fo=1, routed)           1.760    -2.350    inst_clock/inst/clk_out2_clock
    BUFGCTRL_X0Y16       BUFG (Prop_bufg_I_O)         0.101    -2.249 r  inst_clock/inst/clkout2_buf/O
                         net (fo=1671, routed)        1.679    -0.570    dither_controller/inst/fifo_ins_1/U0/inst_fifo_gen/gconvfifo.rf/grf.rf/gntv_or_sync_fifo.gcx.clkx/wr_pntr_cdc_inst/dest_clk
    SLICE_X15Y5          FDRE                                         r  dither_controller/inst/fifo_ins_1/U0/inst_fifo_gen/gconvfifo.rf/grf.rf/gntv_or_sync_fifo.gcx.clkx/wr_pntr_cdc_inst/src_gray_ff_reg[9]/C
  -------------------------------------------------------------------    -------------------
    SLICE_X15Y5          FDRE (Prop_fdre_C_Q)         0.419    -0.151 r  dither_controller/inst/fifo_ins_1/U0/inst_fifo_gen/gconvfifo.rf/grf.rf/gntv_or_sync_fifo.gcx.clkx/wr_pntr_cdc_inst/src_gray_ff_reg[9]/Q
                         net (fo=1, routed)           0.719     0.568    dither_controller/inst/fifo_ins_1/U0/inst_fifo_gen/gconvfifo.rf/grf.rf/gntv_or_sync_fifo.gcx.clkx/wr_pntr_cdc_inst/async_path[9]
    SLICE_X15Y6          FDRE                                         r  dither_controller/inst/fifo_ins_1/U0/inst_fifo_gen/gconvfifo.rf/grf.rf/gntv_or_sync_fifo.gcx.clkx/wr_pntr_cdc_inst/dest_graysync_ff_reg[0][9]/D
  -------------------------------------------------------------------    -------------------

                         (clock clk_out2_clock rise edge)
                                                      0.000     0.000 r  
    N18                                               0.000     0.000 r  clk (IN)
                         net (fo=0)                   0.000     0.000    inst_clock/inst/clk_in1
    N18                  IBUF (Prop_ibuf_I_O)         1.421     1.421 r  inst_clock/inst/clkin1_ibufg/O
                         net (fo=1, routed)           1.261     2.682    inst_clock/inst/clk_in1_clock
    MMCME2_ADV_X0Y1      MMCME2_ADV (Prop_mmcme2_adv_CLKIN1_CLKOUT1)
                                                     -7.105    -4.423 r  inst_clock/inst/mmcm_adv_inst/CLKOUT1
                         net (fo=1, routed)           1.599    -2.823    inst_clock/inst/clk_out2_clock
    BUFGCTRL_X0Y16       BUFG (Prop_bufg_I_O)         0.091    -2.732 r  inst_clock/inst/clkout2_buf/O
                         net (fo=1671, routed)        1.504    -1.228    dither_controller/inst/fifo_ins_1/U0/inst_fifo_gen/gconvfifo.rf/grf.rf/gntv_or_sync_fifo.gcx.clkx/wr_pntr_cdc_inst/dest_clk
    SLICE_X15Y6          FDRE                                         r  dither_controller/inst/fifo_ins_1/U0/inst_fifo_gen/gconvfifo.rf/grf.rf/gntv_or_sync_fifo.gcx.clkx/wr_pntr_cdc_inst/dest_graysync_ff_reg[0][9]/C
                         clock pessimism              0.633    -0.595    
    SLICE_X15Y6          FDRE (Setup_fdre_C_D)       -0.265    -0.860    dither_controller/inst/fifo_ins_1/U0/inst_fifo_gen/gconvfifo.rf/grf.rf/gntv_or_sync_fifo.gcx.clkx/wr_pntr_cdc_inst/dest_graysync_ff_reg[0][9]
  -------------------------------------------------------------------
                         data arrival                           0.568    
                         clock arrival                         -0.860    
  -------------------------------------------------------------------
                         relative delay                         1.428    

Reference path:
    Location             Delay type                Incr(ns)  Path(ns)    Netlist Resource(s)
  -------------------------------------------------------------------    -------------------
                         (clock clk_out2_clock rise edge)
                                                      0.000     0.000 r  
    N18                                               0.000     0.000 r  clk (IN)
                         net (fo=0)                   0.000     0.000    inst_clock/inst/clk_in1
    N18                  IBUF (Prop_ibuf_I_O)         1.421     1.421 r  inst_clock/inst/clkin1_ibufg/O
                         net (fo=1, routed)           1.261     2.682    inst_clock/inst/clk_in1_clock
    MMCME2_ADV_X0Y1      MMCME2_ADV (Prop_mmcme2_adv_CLKIN1_CLKOUT1)
                                                     -7.105    -4.423 r  inst_clock/inst/mmcm_adv_inst/CLKOUT1
                         net (fo=1, routed)           1.599    -2.823    inst_clock/inst/clk_out2_clock
    BUFGCTRL_X0Y16       BUFG (Prop_bufg_I_O)         0.091    -2.732 r  inst_clock/inst/clkout2_buf/O
                         net (fo=1671, routed)        1.504    -1.228    dither_controller/inst/fifo_ins_1/U0/inst_fifo_gen/gconvfifo.rf/grf.rf/gntv_or_sync_fifo.gcx.clkx/wr_pntr_cdc_inst/dest_clk
    SLICE_X15Y4          FDRE                                         r  dither_controller/inst/fifo_ins_1/U0/inst_fifo_gen/gconvfifo.rf/grf.rf/gntv_or_sync_fifo.gcx.clkx/wr_pntr_cdc_inst/src_gray_ff_reg[7]/C
  -------------------------------------------------------------------    -------------------
    SLICE_X15Y4          FDRE (Prop_fdre_C_Q)         0.337    -0.891 r  dither_controller/inst/fifo_ins_1/U0/inst_fifo_gen/gconvfifo.rf/grf.rf/gntv_or_sync_fifo.gcx.clkx/wr_pntr_cdc_inst/src_gray_ff_reg[7]/Q
                         net (fo=1, routed)           0.376    -0.515    dither_controller/inst/fifo_ins_1/U0/inst_fifo_gen/gconvfifo.rf/grf.rf/gntv_or_sync_fifo.gcx.clkx/wr_pntr_cdc_inst/async_path[7]
    SLICE_X14Y5          FDRE                                         r  dither_controller/inst/fifo_ins_1/U0/inst_fifo_gen/gconvfifo.rf/grf.rf/gntv_or_sync_fifo.gcx.clkx/wr_pntr_cdc_inst/dest_graysync_ff_reg[0][7]/D
  -------------------------------------------------------------------    -------------------

                         (clock clk_out2_clock rise edge)
                                                      0.000     0.000 r  
    N18                                               0.000     0.000 r  clk (IN)
                         net (fo=0)                   0.000     0.000    inst_clock/inst/clk_in1
    N18                  IBUF (Prop_ibuf_I_O)         1.492     1.492 r  inst_clock/inst/clkin1_ibufg/O
                         net (fo=1, routed)           1.394     2.886    inst_clock/inst/clk_in1_clock
    MMCME2_ADV_X0Y1      MMCME2_ADV (Prop_mmcme2_adv_CLKIN1_CLKOUT1)
                                                     -6.996    -4.110 r  inst_clock/inst/mmcm_adv_inst/CLKOUT1
                         net (fo=1, routed)           1.760    -2.350    inst_clock/inst/clk_out2_clock
    BUFGCTRL_X0Y16       BUFG (Prop_bufg_I_O)         0.101    -2.249 r  inst_clock/inst/clkout2_buf/O
                         net (fo=1671, routed)        1.679    -0.570    dither_controller/inst/fifo_ins_1/U0/inst_fifo_gen/gconvfifo.rf/grf.rf/gntv_or_sync_fifo.gcx.clkx/wr_pntr_cdc_inst/dest_clk
    SLICE_X14Y5          FDRE                                         r  dither_controller/inst/fifo_ins_1/U0/inst_fifo_gen/gconvfifo.rf/grf.rf/gntv_or_sync_fifo.gcx.clkx/wr_pntr_cdc_inst/dest_graysync_ff_reg[0][7]/C
                         clock pessimism             -0.633    -1.203    
    SLICE_X14Y5          FDRE (Hold_fdre_C_D)         0.031    -1.172    dither_controller/inst/fifo_ins_1/U0/inst_fifo_gen/gconvfifo.rf/grf.rf/gntv_or_sync_fifo.gcx.clkx/wr_pntr_cdc_inst/dest_graysync_ff_reg[0][7]
  -------------------------------------------------------------------
                         data arrival                          -0.515    
                         clock arrival                         -1.172    
  -------------------------------------------------------------------
                         relative delay                         0.657    



