Vivado Simulator 2020.2
Copyright 1986-1999, 2001-2020 Xilinx, Inc. All Rights Reserved.
Running: C:/Xilinx/Vivado/2020.2/bin/unwrapped/win64.o/xelab.exe -wto ed25415268cb4e26a81d83de76bdcd3e --incr --debug typical --relax --mt 2 --maxdelay -L xil_defaultlib -L simprims_ver -L secureip --snapshot system_top_tb_time_synth -transport_int_delays -pulse_r 0 -pulse_int_r 0 -pulse_e 0 -pulse_int_e 0 xil_defaultlib.system_top_tb xil_defaultlib.glbl -log elaborate.log 
Using 2 slave threads.
Starting static elaboration
Pass Through NonSizing Optimizer
Completed static elaboration
Starting simulation data flow analysis
Completed simulation data flow analysis
INFO: [XSIM 43-3451] SDF backannotation process started with SDF file "system_top_tb_time_synth.sdf", for root module "system_top_tb/inst_system_top".
INFO: [XSIM 43-3452] SDF backannotation was successful for SDF file "system_top_tb_time_synth.sdf", for root module "system_top_tb/inst_system_top".
Time Resolution for simulation is 1ps
Compiling module simprims_ver.OBUF
Compiling module simprims_ver.IBUF
Compiling module simprims_ver.LUT5
Compiling module simprims_ver.LUT4
Compiling module xil_defaultlib.gray2binarization_0
Compiling module simprims_ver.x_lut3_mux8
Compiling module simprims_ver.LUT3
Compiling module simprims_ver.LUT6
Compiling module simprims_ver.x_lut2_mux4
Compiling module simprims_ver.LUT2
Compiling module simprims_ver.x_lut1_mux2
Compiling module simprims_ver.LUT1(INIT=2'b01)
Compiling module simprims_ver.FDRE_default
Compiling module simprims_ver.CARRY4
Compiling module xil_defaultlib.rgb2gray_0_rgb2gray
Compiling module xil_defaultlib.rgb2gray_0
Compiling module xil_defaultlib.system_top
Compiling module xil_defaultlib.system_top_tb
Compiling module xil_defaultlib.glbl
Built simulation snapshot system_top_tb_time_synth
