# do {eink_controller_ed108_tb_compile.do}
# ** Warning: (vlib-34) Library already exists at "questa_lib/work".
# ** Warning: (vlib-34) Library already exists at "questa_lib/msim".
# ** Warning: (vlib-34) Library already exists at "questa_lib/msim/xil_defaultlib".
# QuestaSim-64 vmap 2020.1 Lib Mapping Utility 2020.01 Jan 28 2020
# vmap xil_defaultlib questa_lib/msim/xil_defaultlib 
# Modifying modelsim.ini
# QuestaSim-64 vlog 2020.1 Compiler 2020.01 Jan 28 2020
# Start time: 15:59:15 on May 21,2022
# vlog -incr -work xil_defaultlib "+incdir+../../../../Eink_controller_V1.0.gen/sources_1/bd/ps_system/ipshared/ec67/hdl" "+incdir+../../../../Eink_controller_V1.0.gen/sources_1/bd/ps_system/ipshared/34f8/hdl" "+incdir+../../../../Eink_controller_V1.0.gen/sources_1/ip/clock_pll" "+incdir+C:/Xilinx/Vivado/2020.2/data/xilinx_vip/include" ../../../../Eink_controller_V1.0.gen/sources_1/ip/clock_pll/clock_pll_clk_wiz.v ../../../../Eink_controller_V1.0.gen/sources_1/ip/clock_pll/clock_pll.v ../../../../Eink_controller_V1.0.srcs/sources_1/new/addr_sw.v ../../../../Eink_controller_V1.0.srcs/sources_1/new/config_reg_ed108.v ../../../../Eink_controller_V1.0.srcs/sources_1/new/data_mgr.v ../../../../Eink_controller_V1.0.srcs/sources_1/new/delay_cnt.v ../../../../Eink_controller_V1.0.srcs/sources_1/new/display_mgr.v ../../../../Eink_controller_V1.0.srcs/sources_1/new/eink_controller_ebaz4205_ed108.v ../../../../Eink_controller_V1.0.srcs/sources_1/new/fdma_clear.v ../../../../Eink_controller_V1.0.srcs/sources_1/new/fdma_r_data.v ../../../../Eink_controller_V1.0.srcs/sources_1/new/fdma_r_gray.v ../../../../Eink_controller_V1.0.srcs/sim_1/new/fdma_sim_slave.v ../../../../Eink_controller_V1.0.srcs/sources_1/new/fdma_w_data.v ../../../../Eink_controller_V1.0.srcs/sources_1/new/fdma_w_gray.v ../../../../Eink_controller_V1.0.srcs/sources_1/new/frame_ctrl.v ../../../../Eink_controller_V1.0.srcs/sources_1/new/frame_processor.v ../../../../Eink_controller_V1.0.srcs/sources_1/new/frame_timing.v ../../../../Eink_controller_V1.0.srcs/sources_1/new/i2c_top.v ../../../../Eink_controller_V1.0.srcs/sources_1/new/iic_config_ed108.v ../../../../Eink_controller_V1.0.srcs/sim_1/new/image_scr.v ../../../../Eink_controller_V1.0.srcs/sources_1/new/level2pulse.v ../../../../Eink_controller_V1.0.srcs/sources_1/new/sync_h2lck.v ../../../../Eink_controller_V1.0.srcs/sources_1/new/system_mgr.v ../../../../Eink_controller_V1.0.srcs/sources_1/new/tps65185_ctrl.v ../../../../Eink_controller_V1.0.srcs/sources_1/new/v_algo.v ../../../../Eink_controller_V1.0.srcs/sources_1/new/xpm_cdc_async_rst_n.v ../../../../Eink_controller_V1.0.srcs/sources_1/new/xpm_fifo_rdata_buf.v ../../../../Eink_controller_V1.0.srcs/sources_1/new/xpm_fifo_rgray_buf.v ../../../../Eink_controller_V1.0.srcs/sources_1/new/xpm_fifo_wdata_buf.v ../../../../Eink_controller_V1.0.srcs/sources_1/new/xpm_fifo_wgray_buf.v ../../../../Eink_controller_V1.0.srcs/sim_1/new/eink_controller_ed108_tb.v 
# -- Skipping module clock_pll_clk_wiz
# -- Skipping module clock_pll
# -- Skipping module addr_sw
# -- Skipping module config_reg_ed108
# -- Skipping module data_mgr
# -- Skipping module delay_cnt
# -- Skipping module display_mgr
# -- Skipping module eink_controller_ed108
# -- Skipping module fdma_clear
# -- Skipping module fdma_r_data
# -- Skipping module fdma_r_gary
# -- Skipping module fdma_sim_slave
# -- Skipping module fdma_w_data
# -- Skipping module fdma_w_gray
# -- Skipping module frame_ctrl
# -- Skipping module frame_processor
# -- Skipping module frame_timing
# -- Skipping module i2c_top
# -- Skipping module iic_config_ed108
# -- Skipping module image_src
# -- Skipping module level2pulse
# -- Skipping module sync_h2lck
# -- Skipping module system_mgr
# -- Skipping module tps65185_ctrl
# -- Skipping module v_algo
# -- Skipping module xpm_cdc_async_rst_n
# -- Skipping module xpm_fifo_rdata_buf
# -- Skipping module xpm_fifo_rgray_buf
# -- Skipping module xpm_fifo_wdata_buf
# -- Skipping module xpm_fifo_wgray_buf
# -- Compiling module eink_controller_ed108_tb
# 
# Top level modules:
# 	eink_controller_ed108_tb
# End time: 15:59:15 on May 21,2022, Elapsed time: 0:00:00
# Errors: 0, Warnings: 0
# QuestaSim-64 vlog 2020.1 Compiler 2020.01 Jan 28 2020
# Start time: 15:59:16 on May 21,2022
# vlog -work xil_defaultlib glbl.v 
# -- Compiling module glbl
# 
# Top level modules:
# 	glbl
# End time: 15:59:16 on May 21,2022, Elapsed time: 0:00:00
# Errors: 0, Warnings: 0
