# //  Questa Sim-64
# //  Version 2020.1 win64 Jan 28 2020
# //
# //  Copyright 1991-2020 Mentor Graphics Corporation
# //  All Rights Reserved.
# //
# //  QuestaSim and its associated documentation contain trade
# //  secrets and commercial or financial information that are the property of
# //  Mentor Graphics Corporation and are privileged, confidential,
# //  and exempt from disclosure under the Freedom of Information Act,
# //  5 U.S.C. Section 552. Furthermore, this information
# //  is prohibited from disclosure under the Trade Secrets Act,
# //  18 U.S.C. Section 1905.
# //
# do {eink_controller_ed108_tb_simulate.do}
# vsim -lib xil_defaultlib eink_controller_ed108_tb_opt 
# Start time: 15:59:32 on May 21,2022
# Loading work.eink_controller_ed108_tb(fast)
# Loading work.image_src(fast)
# Loading work.level2pulse(fast)
# Loading work.eink_controller_ed108(fast)
# Loading work.clock_pll(fast)
# Loading work.clock_pll_clk_wiz(fast)
# Loading unisims_ver.IBUF(fast)
# Loading unisims_ver.PLLE2_ADV(fast)
# Loading unisims_ver.BUFG(fast)
# Loading work.delay_cnt(fast)
# Loading work.iic_config_ed108(fast)
# Loading work.i2c_top(fast)
# Loading unisims_ver.IOBUF(fast)
# Loading unisims_ver.PULLUP(fast)
# Loading work.config_reg_ed108(fast)
# Loading work.tps65185_ctrl(fast)
# Loading work.frame_processor(fast)
# Loading work.sync_h2lck(fast)
# Loading sv_std.std
# Loading xpm.xpm_cdc_pulse(fast)
# Loading xpm.xpm_cdc_single(fast)
# Loading work.addr_sw(fast)
# Loading work.addr_sw(fast__1)
# Loading work.fdma_w_gray(fast)
# Loading work.xpm_fifo_wgray_buf(fast)
# Loading xpm.xpm_fifo_async(fast)
# Loading xpm.xpm_fifo_base(fast)
# Loading xpm.xpm_fifo_rst(fast)
# Loading xpm.xpm_cdc_sync_rst(fast)
# Loading xpm.xpm_fifo_reg_bit(fast)
# Loading xpm.xpm_counter_updn(fast)
# Loading xpm.xpm_counter_updn(fast__1)
# Loading xpm.xpm_counter_updn(fast__2)
# Loading xpm.xpm_counter_updn(fast__3)
# Loading xpm.xpm_counter_updn(fast__4)
# Loading xpm.xpm_memory_base(fast)
# Loading xpm.xpm_cdc_gray(fast)
# Loading xpm.xpm_fifo_reg_vec(fast)
# Loading xpm.xpm_cdc_gray(fast__1)
# Loading xpm.xpm_fifo_reg_vec(fast__1)
# Loading xpm.xpm_cdc_gray(fast__2)
# Loading xpm.xpm_fifo_reg_vec(fast__2)
# Loading xpm.xpm_cdc_gray(fast__3)
# Loading xpm.xpm_fifo_reg_vec(fast__3)
# Loading xpm.xpm_counter_updn(fast__5)
# Loading work.xpm_cdc_async_rst_n(fast)
# Loading xpm.xpm_cdc_async_rst(fast)
# Loading work.level2pulse(fast__1)
# Loading work.fdma_r_gary(fast)
# Loading work.xpm_fifo_rgray_buf(fast)
# Loading xpm.xpm_fifo_sync(fast)
# Loading xpm.xpm_fifo_base(fast__1)
# Loading xpm.xpm_fifo_rst(fast__1)
# Loading xpm.xpm_counter_updn(fast__6)
# Loading xpm.xpm_memory_base(fast__1)
# Loading work.fdma_w_data(fast)
# Loading work.v_algo(fast)
# Loading work.xpm_fifo_wdata_buf(fast)
# Loading xpm.xpm_fifo_sync(fast__1)
# Loading xpm.xpm_fifo_base(fast__2)
# Loading xpm.xpm_counter_updn(fast__7)
# Loading xpm.xpm_counter_updn(fast__8)
# Loading xpm.xpm_memory_base(fast__2)
# Loading work.fdma_r_data(fast)
# Loading work.xpm_fifo_rdata_buf(fast)
# Loading xpm.xpm_fifo_async(fast__1)
# Loading xpm.xpm_fifo_base(fast__3)
# Loading xpm.xpm_counter_updn(fast__9)
# Loading xpm.xpm_counter_updn(fast__10)
# Loading xpm.xpm_counter_updn(fast__11)
# Loading xpm.xpm_memory_base(fast__3)
# Loading xpm.xpm_cdc_gray(fast__4)
# Loading xpm.xpm_fifo_reg_vec(fast__4)
# Loading xpm.xpm_cdc_gray(fast__5)
# Loading xpm.xpm_fifo_reg_vec(fast__5)
# Loading xpm.xpm_cdc_gray(fast__6)
# Loading work.fdma_clear(fast)
# Loading work.fdma_sim_slave(fast)
# Loading work.display_mgr(fast)
# Loading work.frame_ctrl(fast)
# Loading work.frame_timing(fast)
# Loading work.data_mgr(fast)
# Loading work.system_mgr(fast)
# Loading work.glbl(fast)
# ** Warning: (vsim-PLI-3691) Expected a system task, not a system function '$fseek'.
#    Time: 0 ps  Iteration: 0  Instance: /eink_controller_ed108_tb/inst_image_src File: ../../../../Eink_controller_V1.0.srcs/sim_1/new/image_scr.v Line: 133
# ** Warning: (vsim-PLI-3691) Expected a system task, not a system function '$fscanf'.
#    Time: 0 ps  Iteration: 0  Instance: /eink_controller_ed108_tb/inst_image_src File: ../../../../Eink_controller_V1.0.srcs/sim_1/new/image_scr.v Line: 134
# ** Warning: (vsim-3015) [PCDPC] - Port size (1) does not match connection size (32) for port 'pwr_en'. The port definition is at: ../../../../Eink_controller_V1.0.srcs/sources_1/new/tps65185_ctrl.v(6).
#    Time: 0 ps  Iteration: 0  Instance: /eink_controller_ed108_tb/eink_controller_ed108/tps65185_ctrl File: ../../../../Eink_controller_V1.0.srcs/sources_1/new/eink_controller_ebaz4205_ed108.v Line: 135
# ** Warning: (vsim-3015) [PCDPC] - Port size (1) does not match connection size (32) for port 'dest_rst'. The port definition is at: C:/Xilinx/Vivado/2020.2/data/ip/xpm/xpm_cdc/hdl/xpm_cdc.sv(727).
#    Time: 0 ps  Iteration: 0  Instance: /eink_controller_ed108_tb/eink_controller_ed108/frame_processor/sync_sw_rdata_addr/xpm_cdc_pulse File: ../../../../Eink_controller_V1.0.srcs/sources_1/new/sync_h2lck.v Line: 29
# ** Warning: (vsim-3015) [PCDPC] - Port size (1) does not match connection size (32) for port 'dest_rst'. The port definition is at: C:/Xilinx/Vivado/2020.2/data/ip/xpm/xpm_cdc/hdl/xpm_cdc.sv(727).
#    Time: 0 ps  Iteration: 0  Instance: /eink_controller_ed108_tb/eink_controller_ed108/frame_processor/sync_r_data_flag/xpm_cdc_pulse File: ../../../../Eink_controller_V1.0.srcs/sources_1/new/sync_h2lck.v Line: 29
# ** Warning: (vsim-3015) [PCDPC] - Port size (1) does not match connection size (32) for port 'dest_rst'. The port definition is at: C:/Xilinx/Vivado/2020.2/data/ip/xpm/xpm_cdc/hdl/xpm_cdc.sv(727).
#    Time: 0 ps  Iteration: 0  Instance: /eink_controller_ed108_tb/eink_controller_ed108/frame_processor/newframe_ctrl/sync_gray_vs/xpm_cdc_pulse File: ../../../../Eink_controller_V1.0.srcs/sources_1/new/sync_h2lck.v Line: 29
# ** Warning: (vsim-3015) [PCDPC] - Port size (1) does not match connection size (32) for port 'dest_rst'. The port definition is at: C:/Xilinx/Vivado/2020.2/data/ip/xpm/xpm_cdc/hdl/xpm_cdc.sv(727).
#    Time: 0 ps  Iteration: 0  Instance: /eink_controller_ed108_tb/eink_controller_ed108/frame_processor/newframe_ctrl/sync_gray_hs/xpm_cdc_pulse File: ../../../../Eink_controller_V1.0.srcs/sources_1/new/sync_h2lck.v Line: 29
# ** Warning: (vsim-3015) [PCDPC] - Port size (1) does not match connection size (32) for port 'dest_rst'. The port definition is at: C:/Xilinx/Vivado/2020.2/data/ip/xpm/xpm_cdc/hdl/xpm_cdc.sv(727).
#    Time: 0 ps  Iteration: 0  Instance: /eink_controller_ed108_tb/eink_controller_ed108/frame_processor/newframe_ctrl/sync_gray_de/xpm_cdc_pulse File: ../../../../Eink_controller_V1.0.srcs/sources_1/new/sync_h2lck.v Line: 29
# ** Warning: (vsim-3015) [PCDPC] - Port size (1) does not match connection size (32) for port 'dest_rst'. The port definition is at: C:/Xilinx/Vivado/2020.2/data/ip/xpm/xpm_cdc/hdl/xpm_cdc.sv(727).
#    Time: 0 ps  Iteration: 0  Instance: /eink_controller_ed108_tb/eink_controller_ed108/display_mgr/sync_s_flag/xpm_cdc_pulse File: ../../../../Eink_controller_V1.0.srcs/sources_1/new/sync_h2lck.v Line: 29
# ** Warning: (vsim-3015) [PCDPC] - Port size (1) does not match connection size (32) for port 'dest_rst'. The port definition is at: C:/Xilinx/Vivado/2020.2/data/ip/xpm/xpm_cdc/hdl/xpm_cdc.sv(727).
#    Time: 0 ps  Iteration: 0  Instance: /eink_controller_ed108_tb/eink_controller_ed108/system_mgr/sync_epd_fflag/xpm_cdc_pulse File: ../../../../Eink_controller_V1.0.srcs/sources_1/new/sync_h2lck.v Line: 29
# 1
# 1
# .main_pane.wave.interior.cs.body.pw.wf
# .main_pane.structure.interior.cs.body.struct
# .main_pane.objects.interior.cs.body.tree
add wave -position insertpoint  \
sim:/eink_controller_ed108_tb/eink_controller_ed108/display_mgr/SYS_CLK_FREQ \
sim:/eink_controller_ed108_tb/eink_controller_ed108/display_mgr/FDMA_WID \
sim:/eink_controller_ed108_tb/eink_controller_ed108/display_mgr/EPD_WID \
sim:/eink_controller_ed108_tb/eink_controller_ed108/display_mgr/EPD_FREQ \
sim:/eink_controller_ed108_tb/eink_controller_ed108/display_mgr/EPD_H \
sim:/eink_controller_ed108_tb/eink_controller_ed108/display_mgr/EPD_V \
sim:/eink_controller_ed108_tb/eink_controller_ed108/display_mgr/PERIOD_CNT \
sim:/eink_controller_ed108_tb/eink_controller_ed108/display_mgr/tFdly \
sim:/eink_controller_ed108_tb/eink_controller_ed108/display_mgr/tLEdly \
sim:/eink_controller_ed108_tb/eink_controller_ed108/display_mgr/tLEw \
sim:/eink_controller_ed108_tb/eink_controller_ed108/display_mgr/tLEoff \
sim:/eink_controller_ed108_tb/eink_controller_ed108/display_mgr/MGR_IDEL \
sim:/eink_controller_ed108_tb/eink_controller_ed108/display_mgr/MGR_STATE1 \
sim:/eink_controller_ed108_tb/eink_controller_ed108/display_mgr/MGR_STATE2 \
sim:/eink_controller_ed108_tb/eink_controller_ed108/display_mgr/MGR_STATE3 \
sim:/eink_controller_ed108_tb/eink_controller_ed108/display_mgr/clk \
sim:/eink_controller_ed108_tb/eink_controller_ed108/display_mgr/epd_clk \
sim:/eink_controller_ed108_tb/eink_controller_ed108/display_mgr/rst_n \
sim:/eink_controller_ed108_tb/eink_controller_ed108/display_mgr/s_flag \
sim:/eink_controller_ed108_tb/eink_controller_ed108/display_mgr/period_cnt \
sim:/eink_controller_ed108_tb/eink_controller_ed108/display_mgr/d_busy \
sim:/eink_controller_ed108_tb/eink_controller_ed108/display_mgr/d_fflag \
sim:/eink_controller_ed108_tb/eink_controller_ed108/display_mgr/r_flag \
sim:/eink_controller_ed108_tb/eink_controller_ed108/display_mgr/fifo_ren \
sim:/eink_controller_ed108_tb/eink_controller_ed108/display_mgr/din \
sim:/eink_controller_ed108_tb/eink_controller_ed108/display_mgr/EPD_SKV \
sim:/eink_controller_ed108_tb/eink_controller_ed108/display_mgr/EPD_SPV \
sim:/eink_controller_ed108_tb/eink_controller_ed108/display_mgr/EPD_XCL \
sim:/eink_controller_ed108_tb/eink_controller_ed108/display_mgr/EPD_XLE \
sim:/eink_controller_ed108_tb/eink_controller_ed108/display_mgr/EPD_XSTL \
sim:/eink_controller_ed108_tb/eink_controller_ed108/display_mgr/EPD_DOUT \
sim:/eink_controller_ed108_tb/eink_controller_ed108/display_mgr/s_flag_t \
sim:/eink_controller_ed108_tb/eink_controller_ed108/display_mgr/DELAY_CNT \
sim:/eink_controller_ed108_tb/eink_controller_ed108/display_mgr/fend_flag \
sim:/eink_controller_ed108_tb/eink_controller_ed108/display_mgr/sf_flag \
sim:/eink_controller_ed108_tb/eink_controller_ed108/display_mgr/MGR_STATE \
sim:/eink_controller_ed108_tb/eink_controller_ed108/display_mgr/delay_cnt \
sim:/eink_controller_ed108_tb/eink_controller_ed108/display_mgr/DOUT
add wave -position insertpoint  \
sim:/eink_controller_ed108_tb/eink_controller_ed108/display_mgr/data_mgr/IN_WID \
sim:/eink_controller_ed108_tb/eink_controller_ed108/display_mgr/data_mgr/OUT_WID \
sim:/eink_controller_ed108_tb/eink_controller_ed108/display_mgr/data_mgr/clk \
sim:/eink_controller_ed108_tb/eink_controller_ed108/display_mgr/data_mgr/rst_n \
sim:/eink_controller_ed108_tb/eink_controller_ed108/display_mgr/data_mgr/fifo_ren \
sim:/eink_controller_ed108_tb/eink_controller_ed108/display_mgr/data_mgr/din \
sim:/eink_controller_ed108_tb/eink_controller_ed108/display_mgr/data_mgr/data_ren \
sim:/eink_controller_ed108_tb/eink_controller_ed108/display_mgr/data_mgr/dout \
sim:/eink_controller_ed108_tb/eink_controller_ed108/display_mgr/data_mgr/DATA_CNT \
sim:/eink_controller_ed108_tb/eink_controller_ed108/display_mgr/data_mgr/data_cnt \
sim:/eink_controller_ed108_tb/eink_controller_ed108/display_mgr/data_mgr/t_din \
sim:/eink_controller_ed108_tb/eink_controller_ed108/display_mgr/data_mgr/sw_line \
sim:/eink_controller_ed108_tb/eink_controller_ed108/display_mgr/data_mgr/fifo_rflag
add wave -position insertpoint  \
sim:/eink_controller_ed108_tb/eink_controller_ed108/display_mgr/frame_ctrl/EPD_WID \
sim:/eink_controller_ed108_tb/eink_controller_ed108/display_mgr/frame_ctrl/EPD_FREQ \
sim:/eink_controller_ed108_tb/eink_controller_ed108/display_mgr/frame_ctrl/EPD_H \
sim:/eink_controller_ed108_tb/eink_controller_ed108/display_mgr/frame_ctrl/EPD_V \
sim:/eink_controller_ed108_tb/eink_controller_ed108/display_mgr/frame_ctrl/tLEdly \
sim:/eink_controller_ed108_tb/eink_controller_ed108/display_mgr/frame_ctrl/tLEw \
sim:/eink_controller_ed108_tb/eink_controller_ed108/display_mgr/frame_ctrl/tLEoff \
sim:/eink_controller_ed108_tb/eink_controller_ed108/display_mgr/frame_ctrl/SKV_IDEL \
sim:/eink_controller_ed108_tb/eink_controller_ed108/display_mgr/frame_ctrl/SKV_STATE1 \
sim:/eink_controller_ed108_tb/eink_controller_ed108/display_mgr/frame_ctrl/SKV_STATE2 \
sim:/eink_controller_ed108_tb/eink_controller_ed108/display_mgr/frame_ctrl/SKV_STATE3 \
sim:/eink_controller_ed108_tb/eink_controller_ed108/display_mgr/frame_ctrl/SKV_DONE \
sim:/eink_controller_ed108_tb/eink_controller_ed108/display_mgr/frame_ctrl/SPV_IDEL \
sim:/eink_controller_ed108_tb/eink_controller_ed108/display_mgr/frame_ctrl/SPV_STATE1 \
sim:/eink_controller_ed108_tb/eink_controller_ed108/display_mgr/frame_ctrl/SPV_STATE2 \
sim:/eink_controller_ed108_tb/eink_controller_ed108/display_mgr/frame_ctrl/SPV_DONE \
sim:/eink_controller_ed108_tb/eink_controller_ed108/display_mgr/frame_ctrl/XSTL_IDEL \
sim:/eink_controller_ed108_tb/eink_controller_ed108/display_mgr/frame_ctrl/XSTL_STATE1 \
sim:/eink_controller_ed108_tb/eink_controller_ed108/display_mgr/frame_ctrl/XSTL_STATE2 \
sim:/eink_controller_ed108_tb/eink_controller_ed108/display_mgr/frame_ctrl/XSTL_DONE \
sim:/eink_controller_ed108_tb/eink_controller_ed108/display_mgr/frame_ctrl/DATA_IDEL \
sim:/eink_controller_ed108_tb/eink_controller_ed108/display_mgr/frame_ctrl/DATA_STATE1 \
sim:/eink_controller_ed108_tb/eink_controller_ed108/display_mgr/frame_ctrl/DATA_STATE2 \
sim:/eink_controller_ed108_tb/eink_controller_ed108/display_mgr/frame_ctrl/DATA_DONE \
sim:/eink_controller_ed108_tb/eink_controller_ed108/display_mgr/frame_ctrl/XLE_IDEL \
sim:/eink_controller_ed108_tb/eink_controller_ed108/display_mgr/frame_ctrl/XLE_STATE1 \
sim:/eink_controller_ed108_tb/eink_controller_ed108/display_mgr/frame_ctrl/XLE_STATE2 \
sim:/eink_controller_ed108_tb/eink_controller_ed108/display_mgr/frame_ctrl/XLE_DONE \
sim:/eink_controller_ed108_tb/eink_controller_ed108/display_mgr/frame_ctrl/rst_n \
sim:/eink_controller_ed108_tb/eink_controller_ed108/display_mgr/frame_ctrl/epd_clk \
sim:/eink_controller_ed108_tb/eink_controller_ed108/display_mgr/frame_ctrl/s_flag \
sim:/eink_controller_ed108_tb/eink_controller_ed108/display_mgr/frame_ctrl/SKV \
sim:/eink_controller_ed108_tb/eink_controller_ed108/display_mgr/frame_ctrl/SPV \
sim:/eink_controller_ed108_tb/eink_controller_ed108/display_mgr/frame_ctrl/XCL \
sim:/eink_controller_ed108_tb/eink_controller_ed108/display_mgr/frame_ctrl/XLE \
sim:/eink_controller_ed108_tb/eink_controller_ed108/display_mgr/frame_ctrl/XSTL \
sim:/eink_controller_ed108_tb/eink_controller_ed108/display_mgr/frame_ctrl/r_flag \
sim:/eink_controller_ed108_tb/eink_controller_ed108/display_mgr/frame_ctrl/end_flag \
sim:/eink_controller_ed108_tb/eink_controller_ed108/display_mgr/frame_ctrl/N_SKV \
sim:/eink_controller_ed108_tb/eink_controller_ed108/display_mgr/frame_ctrl/T_SKV \
sim:/eink_controller_ed108_tb/eink_controller_ed108/display_mgr/frame_ctrl/T_SKV_H \
sim:/eink_controller_ed108_tb/eink_controller_ed108/display_mgr/frame_ctrl/SPV_L \
sim:/eink_controller_ed108_tb/eink_controller_ed108/display_mgr/frame_ctrl/XLE_H \
sim:/eink_controller_ed108_tb/eink_controller_ed108/display_mgr/frame_ctrl/XLE_H_K \
sim:/eink_controller_ed108_tb/eink_controller_ed108/display_mgr/frame_ctrl/XSTL_L \
sim:/eink_controller_ed108_tb/eink_controller_ed108/display_mgr/frame_ctrl/XSTL_L_K \
sim:/eink_controller_ed108_tb/eink_controller_ed108/display_mgr/frame_ctrl/cnt_n_skv \
sim:/eink_controller_ed108_tb/eink_controller_ed108/display_mgr/frame_ctrl/cnt_t_skv \
sim:/eink_controller_ed108_tb/eink_controller_ed108/display_mgr/frame_ctrl/SKV_STATE \
sim:/eink_controller_ed108_tb/eink_controller_ed108/display_mgr/frame_ctrl/SPV_STATE \
sim:/eink_controller_ed108_tb/eink_controller_ed108/display_mgr/frame_ctrl/cnt_spv \
sim:/eink_controller_ed108_tb/eink_controller_ed108/display_mgr/frame_ctrl/cnt_xstl \
sim:/eink_controller_ed108_tb/eink_controller_ed108/display_mgr/frame_ctrl/cnt_v_xstl \
sim:/eink_controller_ed108_tb/eink_controller_ed108/display_mgr/frame_ctrl/XSTL_STATE \
sim:/eink_controller_ed108_tb/eink_controller_ed108/display_mgr/frame_ctrl/cnt_data \
sim:/eink_controller_ed108_tb/eink_controller_ed108/display_mgr/frame_ctrl/cnt_v_data \
sim:/eink_controller_ed108_tb/eink_controller_ed108/display_mgr/frame_ctrl/r_flag_t \
sim:/eink_controller_ed108_tb/eink_controller_ed108/display_mgr/frame_ctrl/DATA_STATE \
sim:/eink_controller_ed108_tb/eink_controller_ed108/display_mgr/frame_ctrl/cnt_xle \
sim:/eink_controller_ed108_tb/eink_controller_ed108/display_mgr/frame_ctrl/cnt_v_xle \
sim:/eink_controller_ed108_tb/eink_controller_ed108/display_mgr/frame_ctrl/XLE_STATE
add wave -position insertpoint  \
sim:/eink_controller_ed108_tb/eink_controller_ed108/frame_processor/FDMA_WID \
sim:/eink_controller_ed108_tb/eink_controller_ed108/frame_processor/EPD_WID \
sim:/eink_controller_ed108_tb/eink_controller_ed108/frame_processor/EPD_H \
sim:/eink_controller_ed108_tb/eink_controller_ed108/frame_processor/EPD_V \
sim:/eink_controller_ed108_tb/eink_controller_ed108/frame_processor/MAX_H \
sim:/eink_controller_ed108_tb/eink_controller_ed108/frame_processor/MAX_V \
sim:/eink_controller_ed108_tb/eink_controller_ed108/frame_processor/FRAME_H \
sim:/eink_controller_ed108_tb/eink_controller_ed108/frame_processor/FRAME_V \
sim:/eink_controller_ed108_tb/eink_controller_ed108/frame_processor/GRAY_SIZE \
sim:/eink_controller_ed108_tb/eink_controller_ed108/frame_processor/DATA_SIZE \
sim:/eink_controller_ed108_tb/eink_controller_ed108/frame_processor/TEXTURE_ADDR_MEM_OFFSET \
sim:/eink_controller_ed108_tb/eink_controller_ed108/frame_processor/GRAY_0_ADDR_MEM_OFFSET \
sim:/eink_controller_ed108_tb/eink_controller_ed108/frame_processor/GRAY_1_ADDR_MEM_OFFSET \
sim:/eink_controller_ed108_tb/eink_controller_ed108/frame_processor/DATA_0_ADDR_MEM_OFFSET \
sim:/eink_controller_ed108_tb/eink_controller_ed108/frame_processor/DATA_1_ADDR_MEM_OFFSET \
sim:/eink_controller_ed108_tb/eink_controller_ed108/frame_processor/clk \
sim:/eink_controller_ed108_tb/eink_controller_ed108/frame_processor/rst_n \
sim:/eink_controller_ed108_tb/eink_controller_ed108/frame_processor/w_gray_s_flag \
sim:/eink_controller_ed108_tb/eink_controller_ed108/frame_processor/pix_clk \
sim:/eink_controller_ed108_tb/eink_controller_ed108/frame_processor/gray_de \
sim:/eink_controller_ed108_tb/eink_controller_ed108/frame_processor/gray_hs \
sim:/eink_controller_ed108_tb/eink_controller_ed108/frame_processor/gray_vs \
sim:/eink_controller_ed108_tb/eink_controller_ed108/frame_processor/gray_data \
sim:/eink_controller_ed108_tb/eink_controller_ed108/frame_processor/w_gray_busy \
sim:/eink_controller_ed108_tb/eink_controller_ed108/frame_processor/w_gray_fflag \
sim:/eink_controller_ed108_tb/eink_controller_ed108/frame_processor/clr_s_flag \
sim:/eink_controller_ed108_tb/eink_controller_ed108/frame_processor/clr_fflag \
sim:/eink_controller_ed108_tb/eink_controller_ed108/frame_processor/epd_clk \
sim:/eink_controller_ed108_tb/eink_controller_ed108/frame_processor/sw_rdata_addr \
sim:/eink_controller_ed108_tb/eink_controller_ed108/frame_processor/r_data_flag \
sim:/eink_controller_ed108_tb/eink_controller_ed108/frame_processor/r_data_fifo_ren \
sim:/eink_controller_ed108_tb/eink_controller_ed108/frame_processor/r_data_fifo_out \
sim:/eink_controller_ed108_tb/eink_controller_ed108/frame_processor/clear_fdma_waddr \
sim:/eink_controller_ed108_tb/eink_controller_ed108/frame_processor/clear_fdma_wareq \
sim:/eink_controller_ed108_tb/eink_controller_ed108/frame_processor/clear_fdma_wbusy \
sim:/eink_controller_ed108_tb/eink_controller_ed108/frame_processor/clear_fdma_wdata \
sim:/eink_controller_ed108_tb/eink_controller_ed108/frame_processor/clear_fdma_wready \
sim:/eink_controller_ed108_tb/eink_controller_ed108/frame_processor/clear_fdma_wsize \
sim:/eink_controller_ed108_tb/eink_controller_ed108/frame_processor/clear_fdma_wvalid \
sim:/eink_controller_ed108_tb/eink_controller_ed108/frame_processor/texture_rbusy \
sim:/eink_controller_ed108_tb/eink_controller_ed108/frame_processor/texture_fflag \
sim:/eink_controller_ed108_tb/eink_controller_ed108/frame_processor/texture_fifo_out \
sim:/eink_controller_ed108_tb/eink_controller_ed108/frame_processor/texture_fifo_full \
sim:/eink_controller_ed108_tb/eink_controller_ed108/frame_processor/texture_fifo_empty \
sim:/eink_controller_ed108_tb/eink_controller_ed108/frame_processor/texture_fdma_raddr \
sim:/eink_controller_ed108_tb/eink_controller_ed108/frame_processor/texture_fdma_rareq \
sim:/eink_controller_ed108_tb/eink_controller_ed108/frame_processor/texture_fdma_rbusy \
sim:/eink_controller_ed108_tb/eink_controller_ed108/frame_processor/texture_fdma_rdata \
sim:/eink_controller_ed108_tb/eink_controller_ed108/frame_processor/texture_fdma_rready \
sim:/eink_controller_ed108_tb/eink_controller_ed108/frame_processor/texture_fdma_rsize \
sim:/eink_controller_ed108_tb/eink_controller_ed108/frame_processor/texture_fdma_rvalid \
sim:/eink_controller_ed108_tb/eink_controller_ed108/frame_processor/oldFrame_rbusy \
sim:/eink_controller_ed108_tb/eink_controller_ed108/frame_processor/oldFrame_fflag \
sim:/eink_controller_ed108_tb/eink_controller_ed108/frame_processor/oldFrame_fifo_out \
sim:/eink_controller_ed108_tb/eink_controller_ed108/frame_processor/oldFrame_fifo_full \
sim:/eink_controller_ed108_tb/eink_controller_ed108/frame_processor/oldFrame_fifo_empty \
sim:/eink_controller_ed108_tb/eink_controller_ed108/frame_processor/gray_fdma_raddr \
sim:/eink_controller_ed108_tb/eink_controller_ed108/frame_processor/gray_fdma_rareq \
sim:/eink_controller_ed108_tb/eink_controller_ed108/frame_processor/gray_fdma_rbusy \
sim:/eink_controller_ed108_tb/eink_controller_ed108/frame_processor/gray_fdma_rdata \
sim:/eink_controller_ed108_tb/eink_controller_ed108/frame_processor/gray_fdma_rready \
sim:/eink_controller_ed108_tb/eink_controller_ed108/frame_processor/gray_fdma_rsize \
sim:/eink_controller_ed108_tb/eink_controller_ed108/frame_processor/gray_fdma_rvalid \
sim:/eink_controller_ed108_tb/eink_controller_ed108/frame_processor/newFrame_fifo_out \
sim:/eink_controller_ed108_tb/eink_controller_ed108/frame_processor/newFrame_fifo_full \
sim:/eink_controller_ed108_tb/eink_controller_ed108/frame_processor/newFrame_fifo_empty \
sim:/eink_controller_ed108_tb/eink_controller_ed108/frame_processor/gray_fdma_waddr \
sim:/eink_controller_ed108_tb/eink_controller_ed108/frame_processor/gray_fdma_wareq \
sim:/eink_controller_ed108_tb/eink_controller_ed108/frame_processor/gray_fdma_wbusy \
sim:/eink_controller_ed108_tb/eink_controller_ed108/frame_processor/gray_fdma_wdata \
sim:/eink_controller_ed108_tb/eink_controller_ed108/frame_processor/gray_fdma_wready \
sim:/eink_controller_ed108_tb/eink_controller_ed108/frame_processor/gray_fdma_wsize \
sim:/eink_controller_ed108_tb/eink_controller_ed108/frame_processor/gray_fdma_wvalid \
sim:/eink_controller_ed108_tb/eink_controller_ed108/frame_processor/r_data_rbusy \
sim:/eink_controller_ed108_tb/eink_controller_ed108/frame_processor/r_data_fflag \
sim:/eink_controller_ed108_tb/eink_controller_ed108/frame_processor/r_data_fifo_full \
sim:/eink_controller_ed108_tb/eink_controller_ed108/frame_processor/r_data_fifo_empty \
sim:/eink_controller_ed108_tb/eink_controller_ed108/frame_processor/r_data_flag_t \
sim:/eink_controller_ed108_tb/eink_controller_ed108/frame_processor/data_fdma_raddr \
sim:/eink_controller_ed108_tb/eink_controller_ed108/frame_processor/data_fdma_rareq \
sim:/eink_controller_ed108_tb/eink_controller_ed108/frame_processor/data_fdma_rbusy \
sim:/eink_controller_ed108_tb/eink_controller_ed108/frame_processor/data_fdma_rdata \
sim:/eink_controller_ed108_tb/eink_controller_ed108/frame_processor/data_fdma_rready \
sim:/eink_controller_ed108_tb/eink_controller_ed108/frame_processor/data_fdma_rsize \
sim:/eink_controller_ed108_tb/eink_controller_ed108/frame_processor/data_fdma_rvalid \
sim:/eink_controller_ed108_tb/eink_controller_ed108/frame_processor/gray_ren \
sim:/eink_controller_ed108_tb/eink_controller_ed108/frame_processor/w_data_wbusy \
sim:/eink_controller_ed108_tb/eink_controller_ed108/frame_processor/w_data_fflag \
sim:/eink_controller_ed108_tb/eink_controller_ed108/frame_processor/data_fdma_waddr \
sim:/eink_controller_ed108_tb/eink_controller_ed108/frame_processor/data_fdma_wareq \
sim:/eink_controller_ed108_tb/eink_controller_ed108/frame_processor/data_fdma_wbusy \
sim:/eink_controller_ed108_tb/eink_controller_ed108/frame_processor/data_fdma_wdata \
sim:/eink_controller_ed108_tb/eink_controller_ed108/frame_processor/data_fdma_wready \
sim:/eink_controller_ed108_tb/eink_controller_ed108/frame_processor/data_fdma_wsize \
sim:/eink_controller_ed108_tb/eink_controller_ed108/frame_processor/data_fdma_wvalid \
sim:/eink_controller_ed108_tb/eink_controller_ed108/frame_processor/sw_rdata_addr_t \
sim:/eink_controller_ed108_tb/eink_controller_ed108/frame_processor/r_gray_flag \
sim:/eink_controller_ed108_tb/eink_controller_ed108/frame_processor/gray_w_addr \
sim:/eink_controller_ed108_tb/eink_controller_ed108/frame_processor/gray_r_addr \
sim:/eink_controller_ed108_tb/eink_controller_ed108/frame_processor/data_w_addr \
sim:/eink_controller_ed108_tb/eink_controller_ed108/frame_processor/data_r_addr \
sim:/eink_controller_ed108_tb/eink_controller_ed108/frame_processor/clr_wbusy
add wave -position insertpoint  \
sim:/eink_controller_ed108_tb/eink_controller_ed108/frame_processor/data_w_ctrl/FDMA_WID \
sim:/eink_controller_ed108_tb/eink_controller_ed108/frame_processor/data_w_ctrl/MAX_H \
sim:/eink_controller_ed108_tb/eink_controller_ed108/frame_processor/data_w_ctrl/FRAME_H \
sim:/eink_controller_ed108_tb/eink_controller_ed108/frame_processor/data_w_ctrl/FRAME_V \
sim:/eink_controller_ed108_tb/eink_controller_ed108/frame_processor/data_w_ctrl/EN_DELAY_CNT \
sim:/eink_controller_ed108_tb/eink_controller_ed108/frame_processor/data_w_ctrl/EN_IDEL \
sim:/eink_controller_ed108_tb/eink_controller_ed108/frame_processor/data_w_ctrl/EN_STATE1 \
sim:/eink_controller_ed108_tb/eink_controller_ed108/frame_processor/data_w_ctrl/EN_STATE2 \
sim:/eink_controller_ed108_tb/eink_controller_ed108/frame_processor/data_w_ctrl/PKG_IDEL \
sim:/eink_controller_ed108_tb/eink_controller_ed108/frame_processor/data_w_ctrl/PKG_STATE1 \
sim:/eink_controller_ed108_tb/eink_controller_ed108/frame_processor/data_w_ctrl/WRITE_IDEL \
sim:/eink_controller_ed108_tb/eink_controller_ed108/frame_processor/data_w_ctrl/WRITE_STATE1 \
sim:/eink_controller_ed108_tb/eink_controller_ed108/frame_processor/data_w_ctrl/WRITE_STATE2 \
sim:/eink_controller_ed108_tb/eink_controller_ed108/frame_processor/data_w_ctrl/clk \
sim:/eink_controller_ed108_tb/eink_controller_ed108/frame_processor/data_w_ctrl/rst_n \
sim:/eink_controller_ed108_tb/eink_controller_ed108/frame_processor/data_w_ctrl/newFrame_fifo_empty \
sim:/eink_controller_ed108_tb/eink_controller_ed108/frame_processor/data_w_ctrl/oldFrame_fifo_empty \
sim:/eink_controller_ed108_tb/eink_controller_ed108/frame_processor/data_w_ctrl/texture_fifo_empty \
sim:/eink_controller_ed108_tb/eink_controller_ed108/frame_processor/data_w_ctrl/gray_ren \
sim:/eink_controller_ed108_tb/eink_controller_ed108/frame_processor/data_w_ctrl/newFrame \
sim:/eink_controller_ed108_tb/eink_controller_ed108/frame_processor/data_w_ctrl/oldFrame \
sim:/eink_controller_ed108_tb/eink_controller_ed108/frame_processor/data_w_ctrl/texture \
sim:/eink_controller_ed108_tb/eink_controller_ed108/frame_processor/data_w_ctrl/buf_addr \
sim:/eink_controller_ed108_tb/eink_controller_ed108/frame_processor/data_w_ctrl/fdma_waddr \
sim:/eink_controller_ed108_tb/eink_controller_ed108/frame_processor/data_w_ctrl/fdma_wareq \
sim:/eink_controller_ed108_tb/eink_controller_ed108/frame_processor/data_w_ctrl/fdma_wbusy \
sim:/eink_controller_ed108_tb/eink_controller_ed108/frame_processor/data_w_ctrl/fdma_wdata \
sim:/eink_controller_ed108_tb/eink_controller_ed108/frame_processor/data_w_ctrl/fdma_wready \
sim:/eink_controller_ed108_tb/eink_controller_ed108/frame_processor/data_w_ctrl/fdma_wsize \
sim:/eink_controller_ed108_tb/eink_controller_ed108/frame_processor/data_w_ctrl/fdma_wvalid \
sim:/eink_controller_ed108_tb/eink_controller_ed108/frame_processor/data_w_ctrl/wbusy \
sim:/eink_controller_ed108_tb/eink_controller_ed108/frame_processor/data_w_ctrl/fflag \
sim:/eink_controller_ed108_tb/eink_controller_ed108/frame_processor/data_w_ctrl/FDMA_BURST_LEN \
sim:/eink_controller_ed108_tb/eink_controller_ed108/frame_processor/data_w_ctrl/W_PKG_CNT \
sim:/eink_controller_ed108_tb/eink_controller_ed108/frame_processor/data_w_ctrl/R_PKG_CNT \
sim:/eink_controller_ed108_tb/eink_controller_ed108/frame_processor/data_w_ctrl/data \
sim:/eink_controller_ed108_tb/eink_controller_ed108/frame_processor/data_w_ctrl/valid_n \
sim:/eink_controller_ed108_tb/eink_controller_ed108/frame_processor/data_w_ctrl/valid \
sim:/eink_controller_ed108_tb/eink_controller_ed108/frame_processor/data_w_ctrl/ready \
sim:/eink_controller_ed108_tb/eink_controller_ed108/frame_processor/data_w_ctrl/algo_de \
sim:/eink_controller_ed108_tb/eink_controller_ed108/frame_processor/data_w_ctrl/EN_STATE \
sim:/eink_controller_ed108_tb/eink_controller_ed108/frame_processor/data_w_ctrl/en_delay_cnt \
sim:/eink_controller_ed108_tb/eink_controller_ed108/frame_processor/data_w_ctrl/r_pkg_cnt \
sim:/eink_controller_ed108_tb/eink_controller_ed108/frame_processor/data_w_ctrl/PKG_STATE \
sim:/eink_controller_ed108_tb/eink_controller_ed108/frame_processor/data_w_ctrl/w_pkg_cnt \
sim:/eink_controller_ed108_tb/eink_controller_ed108/frame_processor/data_w_ctrl/t_data \
sim:/eink_controller_ed108_tb/eink_controller_ed108/frame_processor/data_w_ctrl/tt_data \
sim:/eink_controller_ed108_tb/eink_controller_ed108/frame_processor/data_w_ctrl/wr_en \
sim:/eink_controller_ed108_tb/eink_controller_ed108/frame_processor/data_w_ctrl/aflag \
sim:/eink_controller_ed108_tb/eink_controller_ed108/frame_processor/data_w_ctrl/WRITE_STATE \
sim:/eink_controller_ed108_tb/eink_controller_ed108/frame_processor/data_w_ctrl/v_cnt
run
# ** Info: [XPM_MEMORY 20-1] MEMORY_PRIMITIVE (0) instructs Vivado Synthesis to choose the memory primitive type. Depending on their values, other XPM_MEMORY parameters may preclude the choice of certain memory primitive types. Review XPM_MEMORY documentation and parameter values to understand any limitations, or set MEMORY_PRIMITIVE to a different value. eink_controller_ed108_tb.eink_controller_ed108.frame_processor.oldframe_ctrl.fdma_rgray_buf.xpm_fifo_sync.xpm_fifo_base_inst.gen_sdpram.xpm_memory_base_inst.config_drc
#    Time: 1 ps  Scope: eink_controller_ed108_tb.eink_controller_ed108.frame_processor.oldframe_ctrl.fdma_rgray_buf.xpm_fifo_sync.xpm_fifo_base_inst.gen_sdpram.xpm_memory_base_inst.config_drc File: C:/Xilinx/Vivado/2020.2/data/ip/xpm/xpm_memory/hdl/xpm_memory.sv Line: 488
# ** Info: [XPM_MEMORY 20-1] MEMORY_PRIMITIVE (0) instructs Vivado Synthesis to choose the memory primitive type. Depending on their values, other XPM_MEMORY parameters may preclude the choice of certain memory primitive types. Review XPM_MEMORY documentation and parameter values to understand any limitations, or set MEMORY_PRIMITIVE to a different value. eink_controller_ed108_tb.eink_controller_ed108.frame_processor.texture_ctrl.fdma_rgray_buf.xpm_fifo_sync.xpm_fifo_base_inst.gen_sdpram.xpm_memory_base_inst.config_drc
#    Time: 1 ps  Scope: eink_controller_ed108_tb.eink_controller_ed108.frame_processor.texture_ctrl.fdma_rgray_buf.xpm_fifo_sync.xpm_fifo_base_inst.gen_sdpram.xpm_memory_base_inst.config_drc File: C:/Xilinx/Vivado/2020.2/data/ip/xpm/xpm_memory/hdl/xpm_memory.sv Line: 488
# ** Info: [XPM_MEMORY 20-1] MEMORY_PRIMITIVE (0) instructs Vivado Synthesis to choose the memory primitive type. Depending on their values, other XPM_MEMORY parameters may preclude the choice of certain memory primitive types. Review XPM_MEMORY documentation and parameter values to understand any limitations, or set MEMORY_PRIMITIVE to a different value. eink_controller_ed108_tb.eink_controller_ed108.frame_processor.fdma_r_data.fifo_rdata_buf.xpm_fifo_async.gnuram_async_fifo.xpm_fifo_base_inst.gen_sdpram.xpm_memory_base_inst.config_drc
#    Time: 1 ps  Scope: eink_controller_ed108_tb.eink_controller_ed108.frame_processor.fdma_r_data.fifo_rdata_buf.xpm_fifo_async.gnuram_async_fifo.xpm_fifo_base_inst.gen_sdpram.xpm_memory_base_inst.config_drc File: C:/Xilinx/Vivado/2020.2/data/ip/xpm/xpm_memory/hdl/xpm_memory.sv Line: 488
# Break key hit
# Simulation stop requested.
# End time: 16:08:13 on May 21,2022, Elapsed time: 0:08:41
# Errors: 0, Warnings: 10
